ARM GAS  C:\Users\boise\AppData\Local\Temp\cc8GdSZi.s 			page 1


   1              		.syntax unified
   2              		.cpu cortex-m0
   3              		.fpu softvfp
   4              		.eabi_attribute 20, 1
   5              		.eabi_attribute 21, 1
   6              		.eabi_attribute 23, 3
   7              		.eabi_attribute 24, 1
   8              		.eabi_attribute 25, 1
   9              		.eabi_attribute 26, 1
  10              		.eabi_attribute 30, 1
  11              		.eabi_attribute 34, 0
  12              		.eabi_attribute 18, 4
  13              		.thumb
  14              		.syntax unified
  15              		.file	"main.c"
  16              		.text
  17              	.Ltext0:
  18              		.cfi_sections	.debug_frame
  19              		.section	.text.readanalog,"ax",%progbits
  20              		.align	2
  21              		.global	readanalog
  22              		.code	16
  23              		.thumb_func
  24              		.type	readanalog, %function
  25              	readanalog:
  26              	.LFB34:
  27              		.file 1 "main.c"
   1:main.c        **** /* ========================================
   2:main.c        ****  *
   3:main.c        ****  * This code is brought in part by open source code.  The rest is (C) R. Owings 2021
   4:main.c        ****  * MIT license applies  Feel free to use with no guarantee for fitness for any particular purpose
   5:main.c        ****  *
   6:main.c        ****  * ========================================
   7:main.c        **** */
   8:main.c        **** #include "project.h"
   9:main.c        **** #include "ssd1306.h"
  10:main.c        **** #include "math.h"
  11:main.c        **** #include "stdlib.h"
  12:main.c        **** #include "string.h"
  13:main.c        **** #include "stdio.h"
  14:main.c        **** 
  15:main.c        **** #define DISPLAY_ADDRESS 0x3C // 011110+SA0+RW - 0x3C or 0x3D
  16:main.c        **** #define BATTERY 2
  17:main.c        **** #define ALTERNATOR 3
  18:main.c        **** #define INSIDE 0
  19:main.c        **** #define OUTSIDE 1
  20:main.c        **** 
  21:main.c        **** float volts(uint32, int);
  22:main.c        **** int temperature(uint32,int);
  23:main.c        **** uint32 readanalog(int);
  24:main.c        **** 
  25:main.c        **** int main(void){
  26:main.c        ****     CyGlobalIntEnable; /* Enable global interrupts. */
  27:main.c        **** 
  28:main.c        ****     /* Place your initialization/startup code here (e.g. MyInst_Start()) */
  29:main.c        ****     CyGlobalIntEnable;
  30:main.c        ****     I2C_Start();
ARM GAS  C:\Users\boise\AppData\Local\Temp\cc8GdSZi.s 			page 2


  31:main.c        ****     ADC_Start();
  32:main.c        ****     TX_Start();
  33:main.c        ****     display_init(DISPLAY_ADDRESS);
  34:main.c        **** 
  35:main.c        ****     display_clear();    
  36:main.c        ****     display_update();    
  37:main.c        ****     
  38:main.c        ****     float i, v1, v2, t1, t2;
  39:main.c        ****     int status;
  40:main.c        ****     char* v1t;
  41:main.c        ****     char* v2t;
  42:main.c        ****     char* t1t;
  43:main.c        ****     char* t2t;
  44:main.c        ****     // filled rectangles
  45:main.c        ****     uint8_t color = 1;
  46:main.c        ****     for( i = 0 ; i < gfx_width()/2 ; i += 3 ){
  47:main.c        ****         // alternate colors
  48:main.c        ****         gfx_fillRect(i, i, gfx_width()-i*2, gfx_height(), color%2);
  49:main.c        ****         display_update();    
  50:main.c        ****         color++;
  51:main.c        ****     } 
  52:main.c        ****     CyDelay(2000);
  53:main.c        ****     ADC_StartConvert(); 
  54:main.c        ****     char v1_text[5];
  55:main.c        ****     char v2_text[5];
  56:main.c        ****     char t1_text[5];
  57:main.c        ****     char t2_text[5];
  58:main.c        ****     uint32 v2i,v1i,t1i,t2i;
  59:main.c        ****     int toggle,toggle2;
  60:main.c        ****     
  61:main.c        ****     toggle = 0;
  62:main.c        ****     toggle2 = 0;
  63:main.c        ****     
  64:main.c        ****     double d;
  65:main.c        ****     
  66:main.c        ****     gfx_setTextColor(WHITE);
  67:main.c        ****     gfx_setTextSize(4);
  68:main.c        ****         
  69:main.c        ****     for(;;){
  70:main.c        **** 
  71:main.c        ****         // clearing display
  72:main.c        ****         display_clear(); 
  73:main.c        ****         display_update(); 
  74:main.c        ****         // read ADC mux 1,2,3,4
  75:main.c        ****         
  76:main.c        ****         //if (toggle == 0){
  77:main.c        ****         //    if (toggle2 == 0){
  78:main.c        ****                 v1i = readanalog(BATTERY);
  79:main.c        ****         //        v2i = readanalog(ALTERNATOR);
  80:main.c        ****         //    }else{
  81:main.c        ****                 //t1i = readanalog(INSIDE);
  82:main.c        ****                 //t2i = readanalog(OUTSIDE);
  83:main.c        ****             //convert ints to strings
  84:main.c        ****            // }
  85:main.c        ****             d = v1i;
  86:main.c        ****             //(void)snprintf(v1_text, 5, 
  87:main.c        ****             //               "B: %liC ", v1i);
ARM GAS  C:\Users\boise\AppData\Local\Temp\cc8GdSZi.s 			page 3


  88:main.c        ****             sprintf(v1_text,"%.2d", (int) d, (int) ((d - (int) d ) * 100) );
  89:main.c        ****             //d = v2i;
  90:main.c        ****             //sprintf(v2_text,"%d.%00u", (int) d, (int) ((d - (int) d ) * 100) );
  91:main.c        ****         //}else{
  92:main.c        ****          //   if (toggle2 == 0){
  93:main.c        ****              //   v1 = volts(v1i,BATTERY);
  94:main.c        ****          //       v2 = volts(v2i,ALTERNATOR);
  95:main.c        ****          //   }else{
  96:main.c        ****                // t1i = temperature(t1i, INSIDE);
  97:main.c        ****                // t2i = temperature(t2i, OUTSIDE);
  98:main.c        ****          //   }
  99:main.c        ****            // d = v1i;
 100:main.c        ****            // sprintf(v1_text,"%d.%02u", (int) d, (int) ((d - (int) d ) * 100) );
 101:main.c        ****             d = ADC_CountsTo_Volts(BATTERY, v1i);
 102:main.c        ****             //d = v2;
 103:main.c        ****             sprintf(v2_text,"%.2d", (int) d, (int) ((d - (int) d ) * 100) );
 104:main.c        ****        // }
 105:main.c        ****         v1_text[4] = '\0';
 106:main.c        ****         v2_text[4] = '\0';
 107:main.c        ****         TX_PutString(v1_text);
 108:main.c        ****         TX_PutCRLF();
 109:main.c        ****         TX_PutString(v2_text);
 110:main.c        ****         TX_PutCRLF();
 111:main.c        ****         switch(toggle2){
 112:main.c        ****             case 0:
 113:main.c        ****                 //toggle2 = 1;
 114:main.c        ****                 gfx_setCursor(0,0);
 115:main.c        ****                 gfx_print( "A");
 116:main.c        ****                 gfx_println( v1_text);
 117:main.c        ****                 TX_PutChar((int)v1t);
 118:main.c        ****                 gfx_setCursor(0,32);
 119:main.c        ****                 gfx_print( "V");
 120:main.c        ****                 gfx_println( v2_text );
 121:main.c        ****                 if (toggle == 1) toggle = 0; else toggle = 1;
 122:main.c        ****                 break;
 123:main.c        ****             case 1:
 124:main.c        ****             default:
 125:main.c        ****                 toggle2 = 0;
 126:main.c        ****                 gfx_setCursor(0,0);
 127:main.c        ****                 gfx_print( "O");
 128:main.c        ****                 gfx_println( t1_text );
 129:main.c        ****                 gfx_setCursor(0,32);
 130:main.c        ****                 gfx_print( "I" );
 131:main.c        ****                 gfx_println( t2_text );
 132:main.c        ****                  if (toggle == 1) toggle = 0; else toggle = 1;
 133:main.c        ****                 break;
 134:main.c        ****         }
 135:main.c        ****         display_update(); 
 136:main.c        ****         CyDelay(2000);        
 137:main.c        ****     }
 138:main.c        **** }
 139:main.c        **** uint32 readanalog(int channel){
  28              		.loc 1 139 0
  29              		.cfi_startproc
  30              		@ args = 0, pretend = 0, frame = 0
  31              		@ frame_needed = 0, uses_anonymous_args = 0
  32              	.LVL0:
ARM GAS  C:\Users\boise\AppData\Local\Temp\cc8GdSZi.s 			page 4


  33 0000 10B5     		push	{r4, lr}
  34              		.cfi_def_cfa_offset 8
  35              		.cfi_offset 4, -8
  36              		.cfi_offset 14, -4
  37 0002 0400     		movs	r4, r0
 140:main.c        ****     //uint32 analog;
 141:main.c        ****     if(0u != ADC_IsEndConversion(ADC_RETURN_STATUS)){;
  38              		.loc 1 141 0
  39 0004 0120     		movs	r0, #1
  40              	.LVL1:
  41 0006 FFF7FEFF 		bl	ADC_IsEndConversion
  42              	.LVL2:
  43 000a 0028     		cmp	r0, #0
  44 000c 03D0     		beq	.L3
 142:main.c        ****         return( ADC_GetResult16(channel));
  45              		.loc 1 142 0
  46 000e 2000     		movs	r0, r4
  47 0010 FFF7FEFF 		bl	ADC_GetResult16
  48              	.LVL3:
  49 0014 00E0     		b	.L2
  50              	.L3:
 143:main.c        ****     }else{
 144:main.c        ****         return (9999);
  51              		.loc 1 144 0
  52 0016 0148     		ldr	r0, .L4
  53              	.L2:
 145:main.c        ****     }
 146:main.c        **** }
  54              		.loc 1 146 0
  55              		@ sp needed
  56              	.LVL4:
  57 0018 10BD     		pop	{r4, pc}
  58              	.L5:
  59 001a C046     		.align	2
  60              	.L4:
  61 001c 0F270000 		.word	9999
  62              		.cfi_endproc
  63              	.LFE34:
  64              		.size	readanalog, .-readanalog
  65              		.global	__aeabi_f2iz
  66              		.global	__aeabi_fadd
  67              		.global	__aeabi_i2f
  68              		.global	__aeabi_fsub
  69              		.global	__aeabi_fcmplt
  70              		.global	__aeabi_ui2d
  71              		.global	__aeabi_i2d
  72              		.global	__aeabi_dsub
  73              		.global	__aeabi_dmul
  74              		.global	__aeabi_d2iz
  75              		.global	__aeabi_f2d
  76              		.section	.text.main,"ax",%progbits
  77              		.align	2
  78              		.global	main
  79              		.code	16
  80              		.thumb_func
  81              		.type	main, %function
  82              	main:
ARM GAS  C:\Users\boise\AppData\Local\Temp\cc8GdSZi.s 			page 5


  83              	.LFB33:
  25:main.c        ****     CyGlobalIntEnable; /* Enable global interrupts. */
  84              		.loc 1 25 0
  85              		.cfi_startproc
  86              		@ args = 0, pretend = 0, frame = 24
  87              		@ frame_needed = 0, uses_anonymous_args = 0
  88 0000 F0B5     		push	{r4, r5, r6, r7, lr}
  89              		.cfi_def_cfa_offset 20
  90              		.cfi_offset 4, -20
  91              		.cfi_offset 5, -16
  92              		.cfi_offset 6, -12
  93              		.cfi_offset 7, -8
  94              		.cfi_offset 14, -4
  95 0002 4746     		mov	r7, r8
  96 0004 80B4     		push	{r7}
  97              		.cfi_def_cfa_offset 24
  98              		.cfi_offset 8, -24
  99 0006 88B0     		sub	sp, sp, #32
 100              		.cfi_def_cfa_offset 56
  26:main.c        **** 
 101              		.loc 1 26 0
 102              		.syntax divided
 103              	@ 26 "main.c" 1
 104 0008 62B6     		CPSIE   i
 105              	@ 0 "" 2
  29:main.c        ****     I2C_Start();
 106              		.loc 1 29 0
 107              	@ 29 "main.c" 1
 108 000a 62B6     		CPSIE   i
 109              	@ 0 "" 2
  30:main.c        ****     ADC_Start();
 110              		.loc 1 30 0
 111              		.thumb
 112              		.syntax unified
 113 000c FFF7FEFF 		bl	I2C_Start
 114              	.LVL5:
  31:main.c        ****     TX_Start();
 115              		.loc 1 31 0
 116 0010 FFF7FEFF 		bl	ADC_Start
 117              	.LVL6:
  32:main.c        ****     display_init(DISPLAY_ADDRESS);
 118              		.loc 1 32 0
 119 0014 FFF7FEFF 		bl	TX_Start
 120              	.LVL7:
  33:main.c        **** 
 121              		.loc 1 33 0
 122 0018 3C20     		movs	r0, #60
 123 001a FFF7FEFF 		bl	display_init
 124              	.LVL8:
  35:main.c        ****     display_update();    
 125              		.loc 1 35 0
 126 001e FFF7FEFF 		bl	display_clear
 127              	.LVL9:
  36:main.c        ****     
 128              		.loc 1 36 0
 129 0022 FFF7FEFF 		bl	display_update
 130              	.LVL10:
ARM GAS  C:\Users\boise\AppData\Local\Temp\cc8GdSZi.s 			page 6


  45:main.c        ****     for( i = 0 ; i < gfx_width()/2 ; i += 3 ){
 131              		.loc 1 45 0
 132 0026 0126     		movs	r6, #1
  46:main.c        ****         // alternate colors
 133              		.loc 1 46 0
 134 0028 0024     		movs	r4, #0
 135 002a 2AE0     		b	.L7
 136              	.LVL11:
 137              	.L8:
  48:main.c        ****         display_update();    
 138              		.loc 1 48 0 discriminator 3
 139 002c 201C     		adds	r0, r4, #0
 140 002e FFF7FEFF 		bl	__aeabi_f2iz
 141              	.LVL12:
 142 0032 05B2     		sxth	r5, r0
 143 0034 FFF7FEFF 		bl	gfx_width
 144              	.LVL13:
 145 0038 0700     		movs	r7, r0
 146 003a 211C     		adds	r1, r4, #0
 147 003c 201C     		adds	r0, r4, #0
 148 003e FFF7FEFF 		bl	__aeabi_fadd
 149              	.LVL14:
 150 0042 0290     		str	r0, [sp, #8]
 151 0044 3800     		movs	r0, r7
 152 0046 FFF7FEFF 		bl	__aeabi_i2f
 153              	.LVL15:
 154 004a 0299     		ldr	r1, [sp, #8]
 155 004c FFF7FEFF 		bl	__aeabi_fsub
 156              	.LVL16:
 157 0050 071C     		adds	r7, r0, #0
 158 0052 FFF7FEFF 		bl	gfx_height
 159              	.LVL17:
 160 0056 0290     		str	r0, [sp, #8]
 161 0058 381C     		adds	r0, r7, #0
 162 005a FFF7FEFF 		bl	__aeabi_f2iz
 163              	.LVL18:
 164 005e 02B2     		sxth	r2, r0
 165 0060 0123     		movs	r3, #1
 166 0062 3340     		ands	r3, r6
 167 0064 0093     		str	r3, [sp]
 168 0066 029B     		ldr	r3, [sp, #8]
 169 0068 2900     		movs	r1, r5
 170 006a 2800     		movs	r0, r5
 171 006c FFF7FEFF 		bl	gfx_fillRect
 172              	.LVL19:
  49:main.c        ****         color++;
 173              		.loc 1 49 0 discriminator 3
 174 0070 FFF7FEFF 		bl	display_update
 175              	.LVL20:
  50:main.c        ****     } 
 176              		.loc 1 50 0 discriminator 3
 177 0074 731C     		adds	r3, r6, #1
 178 0076 DEB2     		uxtb	r6, r3
 179              	.LVL21:
  46:main.c        ****         // alternate colors
 180              		.loc 1 46 0 discriminator 3
 181 0078 4C49     		ldr	r1, .L12
ARM GAS  C:\Users\boise\AppData\Local\Temp\cc8GdSZi.s 			page 7


 182 007a 201C     		adds	r0, r4, #0
 183 007c FFF7FEFF 		bl	__aeabi_fadd
 184              	.LVL22:
 185 0080 041C     		adds	r4, r0, #0
 186              	.LVL23:
 187              	.L7:
  46:main.c        ****         // alternate colors
 188              		.loc 1 46 0 is_stmt 0 discriminator 1
 189 0082 FFF7FEFF 		bl	gfx_width
 190              	.LVL24:
 191 0086 C30F     		lsrs	r3, r0, #31
 192 0088 1818     		adds	r0, r3, r0
 193 008a 4010     		asrs	r0, r0, #1
 194 008c 00B2     		sxth	r0, r0
 195 008e FFF7FEFF 		bl	__aeabi_i2f
 196              	.LVL25:
 197 0092 011C     		adds	r1, r0, #0
 198 0094 201C     		adds	r0, r4, #0
 199 0096 FFF7FEFF 		bl	__aeabi_fcmplt
 200              	.LVL26:
 201 009a 0028     		cmp	r0, #0
 202 009c C6D1     		bne	.L8
  52:main.c        ****     ADC_StartConvert(); 
 203              		.loc 1 52 0 is_stmt 1
 204 009e FA20     		movs	r0, #250
 205 00a0 C000     		lsls	r0, r0, #3
 206 00a2 FFF7FEFF 		bl	CyDelay
 207              	.LVL27:
  53:main.c        ****     char v1_text[5];
 208              		.loc 1 53 0
 209 00a6 FFF7FEFF 		bl	ADC_StartConvert
 210              	.LVL28:
  66:main.c        ****     gfx_setTextSize(4);
 211              		.loc 1 66 0
 212 00aa 0120     		movs	r0, #1
 213 00ac FFF7FEFF 		bl	gfx_setTextColor
 214              	.LVL29:
  67:main.c        ****         
 215              		.loc 1 67 0
 216 00b0 0420     		movs	r0, #4
 217 00b2 FFF7FEFF 		bl	gfx_setTextSize
 218              	.LVL30:
  61:main.c        ****     toggle2 = 0;
 219              		.loc 1 61 0
 220 00b6 0023     		movs	r3, #0
 221 00b8 9846     		mov	r8, r3
 222              	.LVL31:
 223              	.L10:
  72:main.c        ****         display_update(); 
 224              		.loc 1 72 0
 225 00ba FFF7FEFF 		bl	display_clear
 226              	.LVL32:
  73:main.c        ****         // read ADC mux 1,2,3,4
 227              		.loc 1 73 0
 228 00be FFF7FEFF 		bl	display_update
 229              	.LVL33:
  78:main.c        ****         //        v2i = readanalog(ALTERNATOR);
ARM GAS  C:\Users\boise\AppData\Local\Temp\cc8GdSZi.s 			page 8


 230              		.loc 1 78 0
 231 00c2 0220     		movs	r0, #2
 232 00c4 FFF7FEFF 		bl	readanalog
 233              	.LVL34:
 234 00c8 0600     		movs	r6, r0
 235              	.LVL35:
  85:main.c        ****             //(void)snprintf(v1_text, 5, 
 236              		.loc 1 85 0
 237 00ca FFF7FEFF 		bl	__aeabi_ui2d
 238              	.LVL36:
 239 00ce 0400     		movs	r4, r0
 240 00d0 0D00     		movs	r5, r1
 241              	.LVL37:
  88:main.c        ****             //d = v2i;
 242              		.loc 1 88 0
 243 00d2 3000     		movs	r0, r6
 244 00d4 FFF7FEFF 		bl	__aeabi_i2d
 245              	.LVL38:
 246 00d8 0200     		movs	r2, r0
 247 00da 0B00     		movs	r3, r1
 248 00dc 2000     		movs	r0, r4
 249 00de 2900     		movs	r1, r5
 250 00e0 FFF7FEFF 		bl	__aeabi_dsub
 251              	.LVL39:
 252 00e4 0022     		movs	r2, #0
 253 00e6 324B     		ldr	r3, .L12+4
 254 00e8 FFF7FEFF 		bl	__aeabi_dmul
 255              	.LVL40:
 256 00ec FFF7FEFF 		bl	__aeabi_d2iz
 257              	.LVL41:
 258 00f0 0300     		movs	r3, r0
 259 00f2 304D     		ldr	r5, .L12+8
 260 00f4 06AC     		add	r4, sp, #24
 261              	.LVL42:
 262 00f6 3200     		movs	r2, r6
 263 00f8 2900     		movs	r1, r5
 264 00fa 2000     		movs	r0, r4
 265 00fc FFF7FEFF 		bl	sprintf
 266              	.LVL43:
 101:main.c        ****             //d = v2;
 267              		.loc 1 101 0
 268 0100 31B2     		sxth	r1, r6
 269 0102 0220     		movs	r0, #2
 270 0104 FFF7FEFF 		bl	ADC_CountsTo_Volts
 271              	.LVL44:
 272 0108 061C     		adds	r6, r0, #0
 273              	.LVL45:
 274 010a FFF7FEFF 		bl	__aeabi_f2d
 275              	.LVL46:
 276 010e 0290     		str	r0, [sp, #8]
 277 0110 0391     		str	r1, [sp, #12]
 278              	.LVL47:
 103:main.c        ****        // }
 279              		.loc 1 103 0
 280 0112 301C     		adds	r0, r6, #0
 281              	.LVL48:
 282 0114 FFF7FEFF 		bl	__aeabi_f2iz
ARM GAS  C:\Users\boise\AppData\Local\Temp\cc8GdSZi.s 			page 9


 283              	.LVL49:
 284 0118 0600     		movs	r6, r0
 285 011a FFF7FEFF 		bl	__aeabi_i2d
 286              	.LVL50:
 287 011e 0200     		movs	r2, r0
 288 0120 0B00     		movs	r3, r1
 289 0122 0298     		ldr	r0, [sp, #8]
 290 0124 0399     		ldr	r1, [sp, #12]
 291 0126 FFF7FEFF 		bl	__aeabi_dsub
 292              	.LVL51:
 293 012a 0022     		movs	r2, #0
 294 012c 204B     		ldr	r3, .L12+4
 295 012e FFF7FEFF 		bl	__aeabi_dmul
 296              	.LVL52:
 297 0132 FFF7FEFF 		bl	__aeabi_d2iz
 298              	.LVL53:
 299 0136 0300     		movs	r3, r0
 300 0138 04AF     		add	r7, sp, #16
 301 013a 3200     		movs	r2, r6
 302 013c 2900     		movs	r1, r5
 303 013e 3800     		movs	r0, r7
 304 0140 FFF7FEFF 		bl	sprintf
 305              	.LVL54:
 105:main.c        ****         v2_text[4] = '\0';
 306              		.loc 1 105 0
 307 0144 0023     		movs	r3, #0
 308 0146 2371     		strb	r3, [r4, #4]
 106:main.c        ****         TX_PutString(v1_text);
 309              		.loc 1 106 0
 310 0148 3B71     		strb	r3, [r7, #4]
 107:main.c        ****         TX_PutCRLF();
 311              		.loc 1 107 0
 312 014a 2000     		movs	r0, r4
 313 014c FFF7FEFF 		bl	TX_PutString
 314              	.LVL55:
 108:main.c        ****         TX_PutString(v2_text);
 315              		.loc 1 108 0
 316 0150 FFF7FEFF 		bl	TX_PutCRLF
 317              	.LVL56:
 109:main.c        ****         TX_PutCRLF();
 318              		.loc 1 109 0
 319 0154 3800     		movs	r0, r7
 320 0156 FFF7FEFF 		bl	TX_PutString
 321              	.LVL57:
 110:main.c        ****         switch(toggle2){
 322              		.loc 1 110 0
 323 015a FFF7FEFF 		bl	TX_PutCRLF
 324              	.LVL58:
 114:main.c        ****                 gfx_print( "A");
 325              		.loc 1 114 0
 326 015e 0021     		movs	r1, #0
 327 0160 0020     		movs	r0, #0
 328 0162 FFF7FEFF 		bl	gfx_setCursor
 329              	.LVL59:
 115:main.c        ****                 gfx_println( v1_text);
 330              		.loc 1 115 0
 331 0166 1448     		ldr	r0, .L12+12
ARM GAS  C:\Users\boise\AppData\Local\Temp\cc8GdSZi.s 			page 10


 332 0168 FFF7FEFF 		bl	gfx_print
 333              	.LVL60:
 116:main.c        ****                 TX_PutChar((int)v1t);
 334              		.loc 1 116 0
 335 016c 2000     		movs	r0, r4
 336 016e FFF7FEFF 		bl	gfx_println
 337              	.LVL61:
 117:main.c        ****                 gfx_setCursor(0,32);
 338              		.loc 1 117 0
 339 0172 0020     		movs	r0, #0
 340 0174 FFF7FEFF 		bl	TX_PutChar
 341              	.LVL62:
 118:main.c        ****                 gfx_print( "V");
 342              		.loc 1 118 0
 343 0178 2021     		movs	r1, #32
 344 017a 0020     		movs	r0, #0
 345 017c FFF7FEFF 		bl	gfx_setCursor
 346              	.LVL63:
 119:main.c        ****                 gfx_println( v2_text );
 347              		.loc 1 119 0
 348 0180 0E48     		ldr	r0, .L12+16
 349 0182 FFF7FEFF 		bl	gfx_print
 350              	.LVL64:
 120:main.c        ****                 if (toggle == 1) toggle = 0; else toggle = 1;
 351              		.loc 1 120 0
 352 0186 3800     		movs	r0, r7
 353 0188 FFF7FEFF 		bl	gfx_println
 354              	.LVL65:
 121:main.c        ****                 break;
 355              		.loc 1 121 0
 356 018c 4346     		mov	r3, r8
 357 018e 012B     		cmp	r3, #1
 358 0190 02D1     		bne	.L11
 359 0192 0023     		movs	r3, #0
 360 0194 9846     		mov	r8, r3
 361              	.LVL66:
 362 0196 01E0     		b	.L9
 363              	.LVL67:
 364              	.L11:
 365 0198 0123     		movs	r3, #1
 366              	.LVL68:
 367 019a 9846     		mov	r8, r3
 368              	.LVL69:
 369              	.L9:
 135:main.c        ****         CyDelay(2000);        
 370              		.loc 1 135 0
 371 019c FFF7FEFF 		bl	display_update
 372              	.LVL70:
 136:main.c        ****     }
 373              		.loc 1 136 0
 374 01a0 FA20     		movs	r0, #250
 375 01a2 C000     		lsls	r0, r0, #3
 376 01a4 FFF7FEFF 		bl	CyDelay
 377              	.LVL71:
 137:main.c        **** }
 378              		.loc 1 137 0
 379 01a8 87E7     		b	.L10
ARM GAS  C:\Users\boise\AppData\Local\Temp\cc8GdSZi.s 			page 11


 380              	.L13:
 381 01aa C046     		.align	2
 382              	.L12:
 383 01ac 00004040 		.word	1077936128
 384 01b0 00005940 		.word	1079574528
 385 01b4 00000000 		.word	.LC0
 386 01b8 08000000 		.word	.LC2
 387 01bc 0C000000 		.word	.LC4
 388              		.cfi_endproc
 389              	.LFE33:
 390              		.size	main, .-main
 391              		.global	__aeabi_fmul
 392              		.global	__aeabi_fdiv
 393              		.section	.text.volts,"ax",%progbits
 394              		.align	2
 395              		.global	volts
 396              		.code	16
 397              		.thumb_func
 398              		.type	volts, %function
 399              	volts:
 400              	.LFB35:
 147:main.c        **** 
 148:main.c        **** float volts(uint32 analog, int channel){
 401              		.loc 1 148 0
 402              		.cfi_startproc
 403              		@ args = 0, pretend = 0, frame = 0
 404              		@ frame_needed = 0, uses_anonymous_args = 0
 405              	.LVL72:
 406 0000 10B5     		push	{r4, lr}
 407              		.cfi_def_cfa_offset 8
 408              		.cfi_offset 4, -8
 409              		.cfi_offset 14, -4
 410 0002 0B00     		movs	r3, r1
 149:main.c        ****     float v;
 150:main.c        ****     v = ADC_CountsTo_Volts(channel, analog);
 411              		.loc 1 150 0
 412 0004 01B2     		sxth	r1, r0
 413              	.LVL73:
 414 0006 1800     		movs	r0, r3
 415              	.LVL74:
 416 0008 FFF7FEFF 		bl	ADC_CountsTo_Volts
 417              	.LVL75:
 151:main.c        ****     // 10k / 2 k
 152:main.c        ****     //(R1+R2)/R2 * Vmeasurebymicro = V measure
 153:main.c        ****     v= v*(10000+2000)/2000*10;
 418              		.loc 1 153 0
 419 000c 0449     		ldr	r1, .L15
 420 000e FFF7FEFF 		bl	__aeabi_fmul
 421              	.LVL76:
 422 0012 0449     		ldr	r1, .L15+4
 423 0014 FFF7FEFF 		bl	__aeabi_fdiv
 424              	.LVL77:
 425 0018 0349     		ldr	r1, .L15+8
 426 001a FFF7FEFF 		bl	__aeabi_fmul
 427              	.LVL78:
 154:main.c        ****     return v;
 155:main.c        **** }
ARM GAS  C:\Users\boise\AppData\Local\Temp\cc8GdSZi.s 			page 12


 428              		.loc 1 155 0
 429              		@ sp needed
 430 001e 10BD     		pop	{r4, pc}
 431              	.L16:
 432              		.align	2
 433              	.L15:
 434 0020 00803B46 		.word	1178304512
 435 0024 0000FA44 		.word	1157234688
 436 0028 00002041 		.word	1092616192
 437              		.cfi_endproc
 438              	.LFE35:
 439              		.size	volts, .-volts
 440              		.section	.text.temperature,"ax",%progbits
 441              		.align	2
 442              		.global	temperature
 443              		.code	16
 444              		.thumb_func
 445              		.type	temperature, %function
 446              	temperature:
 447              	.LFB36:
 156:main.c        **** 
 157:main.c        **** int temperature(uint32 analog, int channel){
 448              		.loc 1 157 0
 449              		.cfi_startproc
 450              		@ args = 0, pretend = 0, frame = 0
 451              		@ frame_needed = 0, uses_anonymous_args = 0
 452              	.LVL79:
 453 0000 10B5     		push	{r4, lr}
 454              		.cfi_def_cfa_offset 8
 455              		.cfi_offset 4, -8
 456              		.cfi_offset 14, -4
 457 0002 0B00     		movs	r3, r1
 158:main.c        ****     float t;
 159:main.c        ****     //5 k bridge 
 160:main.c        ****     //convert to volts from the system first
 161:main.c        ****     t = ADC_CountsTo_Volts(channel, analog);
 458              		.loc 1 161 0
 459 0004 01B2     		sxth	r1, r0
 460              	.LVL80:
 461 0006 1800     		movs	r0, r3
 462              	.LVL81:
 463 0008 FFF7FEFF 		bl	ADC_CountsTo_Volts
 464              	.LVL82:
 162:main.c        ****     // with 5k1 bridge resistor, convert to resistance
 163:main.c        ****     analog = t*5100/(5-t);
 164:main.c        ****     //t = Therm_GetTemperature(analog)*10;
 165:main.c        ****     return (int)t;
 465              		.loc 1 165 0
 466 000c FFF7FEFF 		bl	__aeabi_f2iz
 467              	.LVL83:
 166:main.c        **** }
 468              		.loc 1 166 0
 469              		@ sp needed
 470 0010 10BD     		pop	{r4, pc}
 471              		.cfi_endproc
 472              	.LFE36:
 473              		.size	temperature, .-temperature
ARM GAS  C:\Users\boise\AppData\Local\Temp\cc8GdSZi.s 			page 13


 474 0012 C046     		.section	.rodata.str1.4,"aMS",%progbits,1
 475              		.align	2
 476              	.LC0:
 477 0000 252E3264 		.ascii	"%.2d\000"
 477      00
 478 0005 000000   		.space	3
 479              	.LC2:
 480 0008 4100     		.ascii	"A\000"
 481 000a 0000     		.space	2
 482              	.LC4:
 483 000c 5600     		.ascii	"V\000"
 484              		.text
 485              	.Letext0:
 486              		.file 2 "c:\\program files (x86)\\cypress\\psoc creator\\4.4\\psoc creator\\import\\gnu\\arm\\5.4.
 487              		.file 3 "c:\\program files (x86)\\cypress\\psoc creator\\4.4\\psoc creator\\import\\gnu\\arm\\5.4.
 488              		.file 4 "Generated_Source\\PSoC4/cytypes.h"
 489              		.file 5 "Generated_Source\\PSoC4/ADC.h"
 490              		.file 6 "Generated_Source\\PSoC4/I2C.h"
 491              		.file 7 "Generated_Source\\PSoC4/TX.h"
 492              		.file 8 "ssd1306.h"
 493              		.file 9 "Generated_Source\\PSoC4/CyLib.h"
 494              		.file 10 "c:\\program files (x86)\\cypress\\psoc creator\\4.4\\psoc creator\\import\\gnu\\arm\\5.4
 495              		.section	.debug_info,"",%progbits
 496              	.Ldebug_info0:
 497 0000 25060000 		.4byte	0x625
 498 0004 0400     		.2byte	0x4
 499 0006 00000000 		.4byte	.Ldebug_abbrev0
 500 000a 04       		.byte	0x4
 501 000b 01       		.uleb128 0x1
 502 000c 70000000 		.4byte	.LASF53
 503 0010 0C       		.byte	0xc
 504 0011 58020000 		.4byte	.LASF54
 505 0015 9A020000 		.4byte	.LASF55
 506 0019 00000000 		.4byte	.Ldebug_ranges0+0
 507 001d 00000000 		.4byte	0
 508 0021 00000000 		.4byte	.Ldebug_line0
 509 0025 02       		.uleb128 0x2
 510 0026 04       		.byte	0x4
 511 0027 04       		.byte	0x4
 512 0028 16010000 		.4byte	.LASF0
 513 002c 02       		.uleb128 0x2
 514 002d 04       		.byte	0x4
 515 002e 07       		.byte	0x7
 516 002f EB010000 		.4byte	.LASF1
 517 0033 02       		.uleb128 0x2
 518 0034 01       		.byte	0x1
 519 0035 06       		.byte	0x6
 520 0036 C8010000 		.4byte	.LASF2
 521 003a 03       		.uleb128 0x3
 522 003b 5A010000 		.4byte	.LASF10
 523 003f 02       		.byte	0x2
 524 0040 1D       		.byte	0x1d
 525 0041 45000000 		.4byte	0x45
 526 0045 02       		.uleb128 0x2
 527 0046 01       		.byte	0x1
 528 0047 08       		.byte	0x8
 529 0048 A7010000 		.4byte	.LASF3
ARM GAS  C:\Users\boise\AppData\Local\Temp\cc8GdSZi.s 			page 14


 530 004c 02       		.uleb128 0x2
 531 004d 02       		.byte	0x2
 532 004e 05       		.byte	0x5
 533 004f 23000000 		.4byte	.LASF4
 534 0053 02       		.uleb128 0x2
 535 0054 02       		.byte	0x2
 536 0055 07       		.byte	0x7
 537 0056 17020000 		.4byte	.LASF5
 538 005a 02       		.uleb128 0x2
 539 005b 04       		.byte	0x4
 540 005c 05       		.byte	0x5
 541 005d 49010000 		.4byte	.LASF6
 542 0061 02       		.uleb128 0x2
 543 0062 04       		.byte	0x4
 544 0063 07       		.byte	0x7
 545 0064 6A020000 		.4byte	.LASF7
 546 0068 02       		.uleb128 0x2
 547 0069 08       		.byte	0x8
 548 006a 05       		.byte	0x5
 549 006b 26010000 		.4byte	.LASF8
 550 006f 02       		.uleb128 0x2
 551 0070 08       		.byte	0x8
 552 0071 07       		.byte	0x7
 553 0072 D4010000 		.4byte	.LASF9
 554 0076 04       		.uleb128 0x4
 555 0077 04       		.byte	0x4
 556 0078 05       		.byte	0x5
 557 0079 696E7400 		.ascii	"int\000"
 558 007d 03       		.uleb128 0x3
 559 007e FE000000 		.4byte	.LASF11
 560 0082 03       		.byte	0x3
 561 0083 18       		.byte	0x18
 562 0084 3A000000 		.4byte	0x3a
 563 0088 05       		.uleb128 0x5
 564 0089 51020000 		.4byte	.LASF12
 565 008d 04       		.byte	0x4
 566 008e FE01     		.2byte	0x1fe
 567 0090 61000000 		.4byte	0x61
 568 0094 02       		.uleb128 0x2
 569 0095 08       		.byte	0x8
 570 0096 04       		.byte	0x4
 571 0097 7C020000 		.4byte	.LASF13
 572 009b 02       		.uleb128 0x2
 573 009c 01       		.byte	0x1
 574 009d 08       		.byte	0x8
 575 009e 44020000 		.4byte	.LASF14
 576 00a2 02       		.uleb128 0x2
 577 00a3 08       		.byte	0x8
 578 00a4 04       		.byte	0x4
 579 00a5 85010000 		.4byte	.LASF15
 580 00a9 02       		.uleb128 0x2
 581 00aa 04       		.byte	0x4
 582 00ab 07       		.byte	0x7
 583 00ac F3020000 		.4byte	.LASF16
 584 00b0 06       		.uleb128 0x6
 585 00b1 04       		.byte	0x4
 586 00b2 9B000000 		.4byte	0x9b
ARM GAS  C:\Users\boise\AppData\Local\Temp\cc8GdSZi.s 			page 15


 587 00b6 07       		.uleb128 0x7
 588 00b7 34010000 		.4byte	.LASF25
 589 00bb 01       		.byte	0x1
 590 00bc 8B       		.byte	0x8b
 591 00bd 88000000 		.4byte	0x88
 592 00c1 00000000 		.4byte	.LFB34
 593 00c5 20000000 		.4byte	.LFE34-.LFB34
 594 00c9 01       		.uleb128 0x1
 595 00ca 9C       		.byte	0x9c
 596 00cb 02010000 		.4byte	0x102
 597 00cf 08       		.uleb128 0x8
 598 00d0 49020000 		.4byte	.LASF27
 599 00d4 01       		.byte	0x1
 600 00d5 8B       		.byte	0x8b
 601 00d6 76000000 		.4byte	0x76
 602 00da 00000000 		.4byte	.LLST0
 603 00de 09       		.uleb128 0x9
 604 00df 0A000000 		.4byte	.LVL2
 605 00e3 2B050000 		.4byte	0x52b
 606 00e7 F1000000 		.4byte	0xf1
 607 00eb 0A       		.uleb128 0xa
 608 00ec 01       		.uleb128 0x1
 609 00ed 50       		.byte	0x50
 610 00ee 01       		.uleb128 0x1
 611 00ef 31       		.byte	0x31
 612 00f0 00       		.byte	0
 613 00f1 0B       		.uleb128 0xb
 614 00f2 14000000 		.4byte	.LVL3
 615 00f6 36050000 		.4byte	0x536
 616 00fa 0A       		.uleb128 0xa
 617 00fb 01       		.uleb128 0x1
 618 00fc 50       		.byte	0x50
 619 00fd 02       		.uleb128 0x2
 620 00fe 74       		.byte	0x74
 621 00ff 00       		.sleb128 0
 622 0100 00       		.byte	0
 623 0101 00       		.byte	0
 624 0102 0C       		.uleb128 0xc
 625 0103 33000000 		.4byte	.LASF56
 626 0107 01       		.byte	0x1
 627 0108 19       		.byte	0x19
 628 0109 76000000 		.4byte	0x76
 629 010d 00000000 		.4byte	.LFB33
 630 0111 C0010000 		.4byte	.LFE33-.LFB33
 631 0115 01       		.uleb128 0x1
 632 0116 9C       		.byte	0x9c
 633 0117 61040000 		.4byte	0x461
 634 011b 0D       		.uleb128 0xd
 635 011c 6900     		.ascii	"i\000"
 636 011e 01       		.byte	0x1
 637 011f 26       		.byte	0x26
 638 0120 25000000 		.4byte	0x25
 639 0124 2C000000 		.4byte	.LLST1
 640 0128 0E       		.uleb128 0xe
 641 0129 763100   		.ascii	"v1\000"
 642 012c 01       		.byte	0x1
 643 012d 26       		.byte	0x26
ARM GAS  C:\Users\boise\AppData\Local\Temp\cc8GdSZi.s 			page 16


 644 012e 25000000 		.4byte	0x25
 645 0132 0E       		.uleb128 0xe
 646 0133 763200   		.ascii	"v2\000"
 647 0136 01       		.byte	0x1
 648 0137 26       		.byte	0x26
 649 0138 25000000 		.4byte	0x25
 650 013c 0E       		.uleb128 0xe
 651 013d 743100   		.ascii	"t1\000"
 652 0140 01       		.byte	0x1
 653 0141 26       		.byte	0x26
 654 0142 25000000 		.4byte	0x25
 655 0146 0E       		.uleb128 0xe
 656 0147 743200   		.ascii	"t2\000"
 657 014a 01       		.byte	0x1
 658 014b 26       		.byte	0x26
 659 014c 25000000 		.4byte	0x25
 660 0150 0F       		.uleb128 0xf
 661 0151 37020000 		.4byte	.LASF17
 662 0155 01       		.byte	0x1
 663 0156 27       		.byte	0x27
 664 0157 76000000 		.4byte	0x76
 665 015b 0E       		.uleb128 0xe
 666 015c 76317400 		.ascii	"v1t\000"
 667 0160 01       		.byte	0x1
 668 0161 28       		.byte	0x28
 669 0162 B0000000 		.4byte	0xb0
 670 0166 0E       		.uleb128 0xe
 671 0167 76327400 		.ascii	"v2t\000"
 672 016b 01       		.byte	0x1
 673 016c 29       		.byte	0x29
 674 016d B0000000 		.4byte	0xb0
 675 0171 0E       		.uleb128 0xe
 676 0172 74317400 		.ascii	"t1t\000"
 677 0176 01       		.byte	0x1
 678 0177 2A       		.byte	0x2a
 679 0178 B0000000 		.4byte	0xb0
 680 017c 0E       		.uleb128 0xe
 681 017d 74327400 		.ascii	"t2t\000"
 682 0181 01       		.byte	0x1
 683 0182 2B       		.byte	0x2b
 684 0183 B0000000 		.4byte	0xb0
 685 0187 10       		.uleb128 0x10
 686 0188 2D000000 		.4byte	.LASF18
 687 018c 01       		.byte	0x1
 688 018d 2D       		.byte	0x2d
 689 018e 7D000000 		.4byte	0x7d
 690 0192 4F000000 		.4byte	.LLST2
 691 0196 11       		.uleb128 0x11
 692 0197 FC020000 		.4byte	.LASF19
 693 019b 01       		.byte	0x1
 694 019c 36       		.byte	0x36
 695 019d 61040000 		.4byte	0x461
 696 01a1 02       		.uleb128 0x2
 697 01a2 91       		.byte	0x91
 698 01a3 60       		.sleb128 -32
 699 01a4 11       		.uleb128 0x11
 700 01a5 52010000 		.4byte	.LASF20
ARM GAS  C:\Users\boise\AppData\Local\Temp\cc8GdSZi.s 			page 17


 701 01a9 01       		.byte	0x1
 702 01aa 37       		.byte	0x37
 703 01ab 61040000 		.4byte	0x461
 704 01af 02       		.uleb128 0x2
 705 01b0 91       		.byte	0x91
 706 01b1 58       		.sleb128 -40
 707 01b2 0F       		.uleb128 0xf
 708 01b3 06010000 		.4byte	.LASF21
 709 01b7 01       		.byte	0x1
 710 01b8 38       		.byte	0x38
 711 01b9 61040000 		.4byte	0x461
 712 01bd 0F       		.uleb128 0xf
 713 01be 0E010000 		.4byte	.LASF22
 714 01c2 01       		.byte	0x1
 715 01c3 39       		.byte	0x39
 716 01c4 61040000 		.4byte	0x461
 717 01c8 0E       		.uleb128 0xe
 718 01c9 76326900 		.ascii	"v2i\000"
 719 01cd 01       		.byte	0x1
 720 01ce 3A       		.byte	0x3a
 721 01cf 88000000 		.4byte	0x88
 722 01d3 0D       		.uleb128 0xd
 723 01d4 76316900 		.ascii	"v1i\000"
 724 01d8 01       		.byte	0x1
 725 01d9 3A       		.byte	0x3a
 726 01da 88000000 		.4byte	0x88
 727 01de 6E000000 		.4byte	.LLST3
 728 01e2 0E       		.uleb128 0xe
 729 01e3 74316900 		.ascii	"t1i\000"
 730 01e7 01       		.byte	0x1
 731 01e8 3A       		.byte	0x3a
 732 01e9 88000000 		.4byte	0x88
 733 01ed 0E       		.uleb128 0xe
 734 01ee 74326900 		.ascii	"t2i\000"
 735 01f2 01       		.byte	0x1
 736 01f3 3A       		.byte	0x3a
 737 01f4 88000000 		.4byte	0x88
 738 01f8 10       		.uleb128 0x10
 739 01f9 10020000 		.4byte	.LASF23
 740 01fd 01       		.byte	0x1
 741 01fe 3B       		.byte	0x3b
 742 01ff 76000000 		.4byte	0x76
 743 0203 8C000000 		.4byte	.LLST4
 744 0207 12       		.uleb128 0x12
 745 0208 38000000 		.4byte	.LASF24
 746 020c 01       		.byte	0x1
 747 020d 3B       		.byte	0x3b
 748 020e 76000000 		.4byte	0x76
 749 0212 00       		.byte	0
 750 0213 0D       		.uleb128 0xd
 751 0214 6400     		.ascii	"d\000"
 752 0216 01       		.byte	0x1
 753 0217 40       		.byte	0x40
 754 0218 94000000 		.4byte	0x94
 755 021c C1000000 		.4byte	.LLST5
 756 0220 13       		.uleb128 0x13
 757 0221 10000000 		.4byte	.LVL5
ARM GAS  C:\Users\boise\AppData\Local\Temp\cc8GdSZi.s 			page 18


 758 0225 41050000 		.4byte	0x541
 759 0229 13       		.uleb128 0x13
 760 022a 14000000 		.4byte	.LVL6
 761 022e 4C050000 		.4byte	0x54c
 762 0232 13       		.uleb128 0x13
 763 0233 18000000 		.4byte	.LVL7
 764 0237 57050000 		.4byte	0x557
 765 023b 09       		.uleb128 0x9
 766 023c 1E000000 		.4byte	.LVL8
 767 0240 62050000 		.4byte	0x562
 768 0244 4F020000 		.4byte	0x24f
 769 0248 0A       		.uleb128 0xa
 770 0249 01       		.uleb128 0x1
 771 024a 50       		.byte	0x50
 772 024b 02       		.uleb128 0x2
 773 024c 08       		.byte	0x8
 774 024d 3C       		.byte	0x3c
 775 024e 00       		.byte	0
 776 024f 13       		.uleb128 0x13
 777 0250 22000000 		.4byte	.LVL9
 778 0254 6D050000 		.4byte	0x56d
 779 0258 13       		.uleb128 0x13
 780 0259 26000000 		.4byte	.LVL10
 781 025d 78050000 		.4byte	0x578
 782 0261 13       		.uleb128 0x13
 783 0262 38000000 		.4byte	.LVL13
 784 0266 83050000 		.4byte	0x583
 785 026a 13       		.uleb128 0x13
 786 026b 56000000 		.4byte	.LVL17
 787 026f 8E050000 		.4byte	0x58e
 788 0273 09       		.uleb128 0x9
 789 0274 70000000 		.4byte	.LVL19
 790 0278 99050000 		.4byte	0x599
 791 027c 9E020000 		.4byte	0x29e
 792 0280 0A       		.uleb128 0xa
 793 0281 01       		.uleb128 0x1
 794 0282 50       		.byte	0x50
 795 0283 02       		.uleb128 0x2
 796 0284 75       		.byte	0x75
 797 0285 00       		.sleb128 0
 798 0286 0A       		.uleb128 0xa
 799 0287 01       		.uleb128 0x1
 800 0288 51       		.byte	0x51
 801 0289 02       		.uleb128 0x2
 802 028a 75       		.byte	0x75
 803 028b 00       		.sleb128 0
 804 028c 0A       		.uleb128 0xa
 805 028d 01       		.uleb128 0x1
 806 028e 53       		.byte	0x53
 807 028f 04       		.uleb128 0x4
 808 0290 91       		.byte	0x91
 809 0291 50       		.sleb128 -48
 810 0292 94       		.byte	0x94
 811 0293 02       		.byte	0x2
 812 0294 0A       		.uleb128 0xa
 813 0295 02       		.uleb128 0x2
 814 0296 7D       		.byte	0x7d
ARM GAS  C:\Users\boise\AppData\Local\Temp\cc8GdSZi.s 			page 19


 815 0297 00       		.sleb128 0
 816 0298 04       		.uleb128 0x4
 817 0299 76       		.byte	0x76
 818 029a 00       		.sleb128 0
 819 029b 31       		.byte	0x31
 820 029c 1A       		.byte	0x1a
 821 029d 00       		.byte	0
 822 029e 13       		.uleb128 0x13
 823 029f 74000000 		.4byte	.LVL20
 824 02a3 78050000 		.4byte	0x578
 825 02a7 13       		.uleb128 0x13
 826 02a8 86000000 		.4byte	.LVL24
 827 02ac 83050000 		.4byte	0x583
 828 02b0 09       		.uleb128 0x9
 829 02b1 A6000000 		.4byte	.LVL27
 830 02b5 A4050000 		.4byte	0x5a4
 831 02b9 C5020000 		.4byte	0x2c5
 832 02bd 0A       		.uleb128 0xa
 833 02be 01       		.uleb128 0x1
 834 02bf 50       		.byte	0x50
 835 02c0 03       		.uleb128 0x3
 836 02c1 0A       		.byte	0xa
 837 02c2 D007     		.2byte	0x7d0
 838 02c4 00       		.byte	0
 839 02c5 13       		.uleb128 0x13
 840 02c6 AA000000 		.4byte	.LVL28
 841 02ca AF050000 		.4byte	0x5af
 842 02ce 09       		.uleb128 0x9
 843 02cf B0000000 		.4byte	.LVL29
 844 02d3 BA050000 		.4byte	0x5ba
 845 02d7 E1020000 		.4byte	0x2e1
 846 02db 0A       		.uleb128 0xa
 847 02dc 01       		.uleb128 0x1
 848 02dd 50       		.byte	0x50
 849 02de 01       		.uleb128 0x1
 850 02df 31       		.byte	0x31
 851 02e0 00       		.byte	0
 852 02e1 09       		.uleb128 0x9
 853 02e2 B6000000 		.4byte	.LVL30
 854 02e6 C5050000 		.4byte	0x5c5
 855 02ea F4020000 		.4byte	0x2f4
 856 02ee 0A       		.uleb128 0xa
 857 02ef 01       		.uleb128 0x1
 858 02f0 50       		.byte	0x50
 859 02f1 01       		.uleb128 0x1
 860 02f2 34       		.byte	0x34
 861 02f3 00       		.byte	0
 862 02f4 13       		.uleb128 0x13
 863 02f5 BE000000 		.4byte	.LVL32
 864 02f9 6D050000 		.4byte	0x56d
 865 02fd 13       		.uleb128 0x13
 866 02fe C2000000 		.4byte	.LVL33
 867 0302 78050000 		.4byte	0x578
 868 0306 09       		.uleb128 0x9
 869 0307 C8000000 		.4byte	.LVL34
 870 030b B6000000 		.4byte	0xb6
 871 030f 19030000 		.4byte	0x319
ARM GAS  C:\Users\boise\AppData\Local\Temp\cc8GdSZi.s 			page 20


 872 0313 0A       		.uleb128 0xa
 873 0314 01       		.uleb128 0x1
 874 0315 50       		.byte	0x50
 875 0316 01       		.uleb128 0x1
 876 0317 32       		.byte	0x32
 877 0318 00       		.byte	0
 878 0319 09       		.uleb128 0x9
 879 031a 00010000 		.4byte	.LVL43
 880 031e D0050000 		.4byte	0x5d0
 881 0322 39030000 		.4byte	0x339
 882 0326 0A       		.uleb128 0xa
 883 0327 01       		.uleb128 0x1
 884 0328 50       		.byte	0x50
 885 0329 02       		.uleb128 0x2
 886 032a 74       		.byte	0x74
 887 032b 00       		.sleb128 0
 888 032c 0A       		.uleb128 0xa
 889 032d 01       		.uleb128 0x1
 890 032e 51       		.byte	0x51
 891 032f 02       		.uleb128 0x2
 892 0330 75       		.byte	0x75
 893 0331 00       		.sleb128 0
 894 0332 0A       		.uleb128 0xa
 895 0333 01       		.uleb128 0x1
 896 0334 52       		.byte	0x52
 897 0335 02       		.uleb128 0x2
 898 0336 76       		.byte	0x76
 899 0337 00       		.sleb128 0
 900 0338 00       		.byte	0
 901 0339 09       		.uleb128 0x9
 902 033a 08010000 		.4byte	.LVL44
 903 033e DB050000 		.4byte	0x5db
 904 0342 52030000 		.4byte	0x352
 905 0346 0A       		.uleb128 0xa
 906 0347 01       		.uleb128 0x1
 907 0348 50       		.byte	0x50
 908 0349 01       		.uleb128 0x1
 909 034a 32       		.byte	0x32
 910 034b 0A       		.uleb128 0xa
 911 034c 01       		.uleb128 0x1
 912 034d 51       		.byte	0x51
 913 034e 02       		.uleb128 0x2
 914 034f 76       		.byte	0x76
 915 0350 00       		.sleb128 0
 916 0351 00       		.byte	0
 917 0352 09       		.uleb128 0x9
 918 0353 44010000 		.4byte	.LVL54
 919 0357 D0050000 		.4byte	0x5d0
 920 035b 72030000 		.4byte	0x372
 921 035f 0A       		.uleb128 0xa
 922 0360 01       		.uleb128 0x1
 923 0361 50       		.byte	0x50
 924 0362 02       		.uleb128 0x2
 925 0363 77       		.byte	0x77
 926 0364 00       		.sleb128 0
 927 0365 0A       		.uleb128 0xa
 928 0366 01       		.uleb128 0x1
ARM GAS  C:\Users\boise\AppData\Local\Temp\cc8GdSZi.s 			page 21


 929 0367 51       		.byte	0x51
 930 0368 02       		.uleb128 0x2
 931 0369 75       		.byte	0x75
 932 036a 00       		.sleb128 0
 933 036b 0A       		.uleb128 0xa
 934 036c 01       		.uleb128 0x1
 935 036d 52       		.byte	0x52
 936 036e 02       		.uleb128 0x2
 937 036f 76       		.byte	0x76
 938 0370 00       		.sleb128 0
 939 0371 00       		.byte	0
 940 0372 09       		.uleb128 0x9
 941 0373 50010000 		.4byte	.LVL55
 942 0377 E6050000 		.4byte	0x5e6
 943 037b 86030000 		.4byte	0x386
 944 037f 0A       		.uleb128 0xa
 945 0380 01       		.uleb128 0x1
 946 0381 50       		.byte	0x50
 947 0382 02       		.uleb128 0x2
 948 0383 74       		.byte	0x74
 949 0384 00       		.sleb128 0
 950 0385 00       		.byte	0
 951 0386 13       		.uleb128 0x13
 952 0387 54010000 		.4byte	.LVL56
 953 038b F1050000 		.4byte	0x5f1
 954 038f 09       		.uleb128 0x9
 955 0390 5A010000 		.4byte	.LVL57
 956 0394 E6050000 		.4byte	0x5e6
 957 0398 A3030000 		.4byte	0x3a3
 958 039c 0A       		.uleb128 0xa
 959 039d 01       		.uleb128 0x1
 960 039e 50       		.byte	0x50
 961 039f 02       		.uleb128 0x2
 962 03a0 77       		.byte	0x77
 963 03a1 00       		.sleb128 0
 964 03a2 00       		.byte	0
 965 03a3 13       		.uleb128 0x13
 966 03a4 5E010000 		.4byte	.LVL58
 967 03a8 F1050000 		.4byte	0x5f1
 968 03ac 09       		.uleb128 0x9
 969 03ad 66010000 		.4byte	.LVL59
 970 03b1 FC050000 		.4byte	0x5fc
 971 03b5 C4030000 		.4byte	0x3c4
 972 03b9 0A       		.uleb128 0xa
 973 03ba 01       		.uleb128 0x1
 974 03bb 50       		.byte	0x50
 975 03bc 01       		.uleb128 0x1
 976 03bd 30       		.byte	0x30
 977 03be 0A       		.uleb128 0xa
 978 03bf 01       		.uleb128 0x1
 979 03c0 51       		.byte	0x51
 980 03c1 01       		.uleb128 0x1
 981 03c2 30       		.byte	0x30
 982 03c3 00       		.byte	0
 983 03c4 09       		.uleb128 0x9
 984 03c5 6C010000 		.4byte	.LVL60
 985 03c9 07060000 		.4byte	0x607
ARM GAS  C:\Users\boise\AppData\Local\Temp\cc8GdSZi.s 			page 22


 986 03cd DB030000 		.4byte	0x3db
 987 03d1 0A       		.uleb128 0xa
 988 03d2 01       		.uleb128 0x1
 989 03d3 50       		.byte	0x50
 990 03d4 05       		.uleb128 0x5
 991 03d5 03       		.byte	0x3
 992 03d6 08000000 		.4byte	.LC2
 993 03da 00       		.byte	0
 994 03db 09       		.uleb128 0x9
 995 03dc 72010000 		.4byte	.LVL61
 996 03e0 12060000 		.4byte	0x612
 997 03e4 EF030000 		.4byte	0x3ef
 998 03e8 0A       		.uleb128 0xa
 999 03e9 01       		.uleb128 0x1
 1000 03ea 50       		.byte	0x50
 1001 03eb 02       		.uleb128 0x2
 1002 03ec 74       		.byte	0x74
 1003 03ed 00       		.sleb128 0
 1004 03ee 00       		.byte	0
 1005 03ef 09       		.uleb128 0x9
 1006 03f0 78010000 		.4byte	.LVL62
 1007 03f4 1D060000 		.4byte	0x61d
 1008 03f8 02040000 		.4byte	0x402
 1009 03fc 0A       		.uleb128 0xa
 1010 03fd 01       		.uleb128 0x1
 1011 03fe 50       		.byte	0x50
 1012 03ff 01       		.uleb128 0x1
 1013 0400 30       		.byte	0x30
 1014 0401 00       		.byte	0
 1015 0402 09       		.uleb128 0x9
 1016 0403 80010000 		.4byte	.LVL63
 1017 0407 FC050000 		.4byte	0x5fc
 1018 040b 1B040000 		.4byte	0x41b
 1019 040f 0A       		.uleb128 0xa
 1020 0410 01       		.uleb128 0x1
 1021 0411 50       		.byte	0x50
 1022 0412 01       		.uleb128 0x1
 1023 0413 30       		.byte	0x30
 1024 0414 0A       		.uleb128 0xa
 1025 0415 01       		.uleb128 0x1
 1026 0416 51       		.byte	0x51
 1027 0417 02       		.uleb128 0x2
 1028 0418 08       		.byte	0x8
 1029 0419 20       		.byte	0x20
 1030 041a 00       		.byte	0
 1031 041b 09       		.uleb128 0x9
 1032 041c 86010000 		.4byte	.LVL64
 1033 0420 07060000 		.4byte	0x607
 1034 0424 32040000 		.4byte	0x432
 1035 0428 0A       		.uleb128 0xa
 1036 0429 01       		.uleb128 0x1
 1037 042a 50       		.byte	0x50
 1038 042b 05       		.uleb128 0x5
 1039 042c 03       		.byte	0x3
 1040 042d 0C000000 		.4byte	.LC4
 1041 0431 00       		.byte	0
 1042 0432 09       		.uleb128 0x9
ARM GAS  C:\Users\boise\AppData\Local\Temp\cc8GdSZi.s 			page 23


 1043 0433 8C010000 		.4byte	.LVL65
 1044 0437 12060000 		.4byte	0x612
 1045 043b 46040000 		.4byte	0x446
 1046 043f 0A       		.uleb128 0xa
 1047 0440 01       		.uleb128 0x1
 1048 0441 50       		.byte	0x50
 1049 0442 02       		.uleb128 0x2
 1050 0443 77       		.byte	0x77
 1051 0444 00       		.sleb128 0
 1052 0445 00       		.byte	0
 1053 0446 13       		.uleb128 0x13
 1054 0447 A0010000 		.4byte	.LVL70
 1055 044b 78050000 		.4byte	0x578
 1056 044f 0B       		.uleb128 0xb
 1057 0450 A8010000 		.4byte	.LVL71
 1058 0454 A4050000 		.4byte	0x5a4
 1059 0458 0A       		.uleb128 0xa
 1060 0459 01       		.uleb128 0x1
 1061 045a 50       		.byte	0x50
 1062 045b 03       		.uleb128 0x3
 1063 045c 0A       		.byte	0xa
 1064 045d D007     		.2byte	0x7d0
 1065 045f 00       		.byte	0
 1066 0460 00       		.byte	0
 1067 0461 14       		.uleb128 0x14
 1068 0462 9B000000 		.4byte	0x9b
 1069 0466 71040000 		.4byte	0x471
 1070 046a 15       		.uleb128 0x15
 1071 046b A9000000 		.4byte	0xa9
 1072 046f 04       		.byte	0x4
 1073 0470 00       		.byte	0
 1074 0471 16       		.uleb128 0x16
 1075 0472 3E020000 		.4byte	.LASF26
 1076 0476 01       		.byte	0x1
 1077 0477 94       		.byte	0x94
 1078 0478 25000000 		.4byte	0x25
 1079 047c 00000000 		.4byte	.LFB35
 1080 0480 2C000000 		.4byte	.LFE35-.LFB35
 1081 0484 01       		.uleb128 0x1
 1082 0485 9C       		.byte	0x9c
 1083 0486 CE040000 		.4byte	0x4ce
 1084 048a 08       		.uleb128 0x8
 1085 048b 15030000 		.4byte	.LASF28
 1086 048f 01       		.byte	0x1
 1087 0490 94       		.byte	0x94
 1088 0491 88000000 		.4byte	0x88
 1089 0495 F5000000 		.4byte	.LLST6
 1090 0499 08       		.uleb128 0x8
 1091 049a 49020000 		.4byte	.LASF27
 1092 049e 01       		.byte	0x1
 1093 049f 94       		.byte	0x94
 1094 04a0 76000000 		.4byte	0x76
 1095 04a4 16010000 		.4byte	.LLST7
 1096 04a8 0D       		.uleb128 0xd
 1097 04a9 7600     		.ascii	"v\000"
 1098 04ab 01       		.byte	0x1
 1099 04ac 95       		.byte	0x95
ARM GAS  C:\Users\boise\AppData\Local\Temp\cc8GdSZi.s 			page 24


 1100 04ad 25000000 		.4byte	0x25
 1101 04b1 42010000 		.4byte	.LLST8
 1102 04b5 0B       		.uleb128 0xb
 1103 04b6 0C000000 		.4byte	.LVL75
 1104 04ba DB050000 		.4byte	0x5db
 1105 04be 0A       		.uleb128 0xa
 1106 04bf 01       		.uleb128 0x1
 1107 04c0 50       		.byte	0x50
 1108 04c1 03       		.uleb128 0x3
 1109 04c2 F3       		.byte	0xf3
 1110 04c3 01       		.uleb128 0x1
 1111 04c4 51       		.byte	0x51
 1112 04c5 0A       		.uleb128 0xa
 1113 04c6 01       		.uleb128 0x1
 1114 04c7 51       		.byte	0x51
 1115 04c8 03       		.uleb128 0x3
 1116 04c9 F3       		.byte	0xf3
 1117 04ca 01       		.uleb128 0x1
 1118 04cb 50       		.byte	0x50
 1119 04cc 00       		.byte	0
 1120 04cd 00       		.byte	0
 1121 04ce 16       		.uleb128 0x16
 1122 04cf D9020000 		.4byte	.LASF29
 1123 04d3 01       		.byte	0x1
 1124 04d4 9D       		.byte	0x9d
 1125 04d5 76000000 		.4byte	0x76
 1126 04d9 00000000 		.4byte	.LFB36
 1127 04dd 12000000 		.4byte	.LFE36-.LFB36
 1128 04e1 01       		.uleb128 0x1
 1129 04e2 9C       		.byte	0x9c
 1130 04e3 2B050000 		.4byte	0x52b
 1131 04e7 08       		.uleb128 0x8
 1132 04e8 15030000 		.4byte	.LASF28
 1133 04ec 01       		.byte	0x1
 1134 04ed 9D       		.byte	0x9d
 1135 04ee 88000000 		.4byte	0x88
 1136 04f2 60010000 		.4byte	.LLST9
 1137 04f6 08       		.uleb128 0x8
 1138 04f7 49020000 		.4byte	.LASF27
 1139 04fb 01       		.byte	0x1
 1140 04fc 9D       		.byte	0x9d
 1141 04fd 76000000 		.4byte	0x76
 1142 0501 A5010000 		.4byte	.LLST10
 1143 0505 0D       		.uleb128 0xd
 1144 0506 7400     		.ascii	"t\000"
 1145 0508 01       		.byte	0x1
 1146 0509 9E       		.byte	0x9e
 1147 050a 25000000 		.4byte	0x25
 1148 050e D1010000 		.4byte	.LLST11
 1149 0512 0B       		.uleb128 0xb
 1150 0513 0C000000 		.4byte	.LVL82
 1151 0517 DB050000 		.4byte	0x5db
 1152 051b 0A       		.uleb128 0xa
 1153 051c 01       		.uleb128 0x1
 1154 051d 50       		.byte	0x50
 1155 051e 03       		.uleb128 0x3
 1156 051f F3       		.byte	0xf3
ARM GAS  C:\Users\boise\AppData\Local\Temp\cc8GdSZi.s 			page 25


 1157 0520 01       		.uleb128 0x1
 1158 0521 51       		.byte	0x51
 1159 0522 0A       		.uleb128 0xa
 1160 0523 01       		.uleb128 0x1
 1161 0524 51       		.byte	0x51
 1162 0525 03       		.uleb128 0x3
 1163 0526 F3       		.byte	0xf3
 1164 0527 01       		.uleb128 0x1
 1165 0528 50       		.byte	0x50
 1166 0529 00       		.byte	0
 1167 052a 00       		.byte	0
 1168 052b 17       		.uleb128 0x17
 1169 052c 5C000000 		.4byte	.LASF30
 1170 0530 5C000000 		.4byte	.LASF30
 1171 0534 05       		.byte	0x5
 1172 0535 9F       		.byte	0x9f
 1173 0536 17       		.uleb128 0x17
 1174 0537 13000000 		.4byte	.LASF31
 1175 053b 13000000 		.4byte	.LASF31
 1176 053f 05       		.byte	0x5
 1177 0540 A0       		.byte	0xa0
 1178 0541 17       		.uleb128 0x17
 1179 0542 24030000 		.4byte	.LASF32
 1180 0546 24030000 		.4byte	.LASF32
 1181 054a 06       		.byte	0x6
 1182 054b 72       		.byte	0x72
 1183 054c 17       		.uleb128 0x17
 1184 054d 3F010000 		.4byte	.LASF33
 1185 0551 3F010000 		.4byte	.LASF33
 1186 0555 05       		.byte	0x5
 1187 0556 99       		.byte	0x99
 1188 0557 17       		.uleb128 0x17
 1189 0558 91010000 		.4byte	.LASF34
 1190 055c 91010000 		.4byte	.LASF34
 1191 0560 07       		.byte	0x7
 1192 0561 1F       		.byte	0x1f
 1193 0562 17       		.uleb128 0x17
 1194 0563 9A010000 		.4byte	.LASF35
 1195 0567 9A010000 		.4byte	.LASF35
 1196 056b 08       		.byte	0x8
 1197 056c 34       		.byte	0x34
 1198 056d 17       		.uleb128 0x17
 1199 056e F8010000 		.4byte	.LASF36
 1200 0572 F8010000 		.4byte	.LASF36
 1201 0576 08       		.byte	0x8
 1202 0577 36       		.byte	0x36
 1203 0578 17       		.uleb128 0x17
 1204 0579 4D000000 		.4byte	.LASF37
 1205 057d 4D000000 		.4byte	.LASF37
 1206 0581 08       		.byte	0x8
 1207 0582 35       		.byte	0x35
 1208 0583 17       		.uleb128 0x17
 1209 0584 06020000 		.4byte	.LASF38
 1210 0588 06020000 		.4byte	.LASF38
 1211 058c 08       		.byte	0x8
 1212 058d 46       		.byte	0x46
 1213 058e 17       		.uleb128 0x17
ARM GAS  C:\Users\boise\AppData\Local\Temp\cc8GdSZi.s 			page 26


 1214 058f 83020000 		.4byte	.LASF39
 1215 0593 83020000 		.4byte	.LASF39
 1216 0597 08       		.byte	0x8
 1217 0598 47       		.byte	0x47
 1218 0599 17       		.uleb128 0x17
 1219 059a 40000000 		.4byte	.LASF40
 1220 059e 40000000 		.4byte	.LASF40
 1221 05a2 08       		.byte	0x8
 1222 05a3 4B       		.byte	0x4b
 1223 05a4 17       		.uleb128 0x17
 1224 05a5 1C030000 		.4byte	.LASF41
 1225 05a9 1C030000 		.4byte	.LASF41
 1226 05ad 09       		.byte	0x9
 1227 05ae EC       		.byte	0xec
 1228 05af 17       		.uleb128 0x17
 1229 05b0 04030000 		.4byte	.LASF42
 1230 05b4 04030000 		.4byte	.LASF42
 1231 05b8 05       		.byte	0x5
 1232 05b9 9D       		.byte	0x9d
 1233 05ba 17       		.uleb128 0x17
 1234 05bb 64010000 		.4byte	.LASF43
 1235 05bf 64010000 		.4byte	.LASF43
 1236 05c3 08       		.byte	0x8
 1237 05c4 43       		.byte	0x43
 1238 05c5 17       		.uleb128 0x17
 1239 05c6 75010000 		.4byte	.LASF44
 1240 05ca 75010000 		.4byte	.LASF44
 1241 05ce 08       		.byte	0x8
 1242 05cf 42       		.byte	0x42
 1243 05d0 17       		.uleb128 0x17
 1244 05d1 B5010000 		.4byte	.LASF45
 1245 05d5 B5010000 		.4byte	.LASF45
 1246 05d9 0A       		.byte	0xa
 1247 05da E7       		.byte	0xe7
 1248 05db 17       		.uleb128 0x17
 1249 05dc 00000000 		.4byte	.LASF46
 1250 05e0 00000000 		.4byte	.LASF46
 1251 05e4 05       		.byte	0x5
 1252 05e5 AE       		.byte	0xae
 1253 05e6 17       		.uleb128 0x17
 1254 05e7 2A020000 		.4byte	.LASF47
 1255 05eb 2A020000 		.4byte	.LASF47
 1256 05ef 07       		.byte	0x7
 1257 05f0 26       		.byte	0x26
 1258 05f1 17       		.uleb128 0x17
 1259 05f2 BD010000 		.4byte	.LASF48
 1260 05f6 BD010000 		.4byte	.LASF48
 1261 05fa 07       		.byte	0x7
 1262 05fb 2A       		.byte	0x2a
 1263 05fc 17       		.uleb128 0x17
 1264 05fd E5020000 		.4byte	.LASF49
 1265 0601 E5020000 		.4byte	.LASF49
 1266 0605 08       		.byte	0x8
 1267 0606 41       		.byte	0x41
 1268 0607 17       		.uleb128 0x17
 1269 0608 1C010000 		.4byte	.LASF50
 1270 060c 1C010000 		.4byte	.LASF50
ARM GAS  C:\Users\boise\AppData\Local\Temp\cc8GdSZi.s 			page 27


 1271 0610 08       		.byte	0x8
 1272 0611 48       		.byte	0x48
 1273 0612 17       		.uleb128 0x17
 1274 0613 8E020000 		.4byte	.LASF51
 1275 0617 8E020000 		.4byte	.LASF51
 1276 061b 08       		.byte	0x8
 1277 061c 49       		.byte	0x49
 1278 061d 17       		.uleb128 0x17
 1279 061e 5F020000 		.4byte	.LASF52
 1280 0622 5F020000 		.4byte	.LASF52
 1281 0626 07       		.byte	0x7
 1282 0627 25       		.byte	0x25
 1283 0628 00       		.byte	0
 1284              		.section	.debug_abbrev,"",%progbits
 1285              	.Ldebug_abbrev0:
 1286 0000 01       		.uleb128 0x1
 1287 0001 11       		.uleb128 0x11
 1288 0002 01       		.byte	0x1
 1289 0003 25       		.uleb128 0x25
 1290 0004 0E       		.uleb128 0xe
 1291 0005 13       		.uleb128 0x13
 1292 0006 0B       		.uleb128 0xb
 1293 0007 03       		.uleb128 0x3
 1294 0008 0E       		.uleb128 0xe
 1295 0009 1B       		.uleb128 0x1b
 1296 000a 0E       		.uleb128 0xe
 1297 000b 55       		.uleb128 0x55
 1298 000c 17       		.uleb128 0x17
 1299 000d 11       		.uleb128 0x11
 1300 000e 01       		.uleb128 0x1
 1301 000f 10       		.uleb128 0x10
 1302 0010 17       		.uleb128 0x17
 1303 0011 00       		.byte	0
 1304 0012 00       		.byte	0
 1305 0013 02       		.uleb128 0x2
 1306 0014 24       		.uleb128 0x24
 1307 0015 00       		.byte	0
 1308 0016 0B       		.uleb128 0xb
 1309 0017 0B       		.uleb128 0xb
 1310 0018 3E       		.uleb128 0x3e
 1311 0019 0B       		.uleb128 0xb
 1312 001a 03       		.uleb128 0x3
 1313 001b 0E       		.uleb128 0xe
 1314 001c 00       		.byte	0
 1315 001d 00       		.byte	0
 1316 001e 03       		.uleb128 0x3
 1317 001f 16       		.uleb128 0x16
 1318 0020 00       		.byte	0
 1319 0021 03       		.uleb128 0x3
 1320 0022 0E       		.uleb128 0xe
 1321 0023 3A       		.uleb128 0x3a
 1322 0024 0B       		.uleb128 0xb
 1323 0025 3B       		.uleb128 0x3b
 1324 0026 0B       		.uleb128 0xb
 1325 0027 49       		.uleb128 0x49
 1326 0028 13       		.uleb128 0x13
 1327 0029 00       		.byte	0
ARM GAS  C:\Users\boise\AppData\Local\Temp\cc8GdSZi.s 			page 28


 1328 002a 00       		.byte	0
 1329 002b 04       		.uleb128 0x4
 1330 002c 24       		.uleb128 0x24
 1331 002d 00       		.byte	0
 1332 002e 0B       		.uleb128 0xb
 1333 002f 0B       		.uleb128 0xb
 1334 0030 3E       		.uleb128 0x3e
 1335 0031 0B       		.uleb128 0xb
 1336 0032 03       		.uleb128 0x3
 1337 0033 08       		.uleb128 0x8
 1338 0034 00       		.byte	0
 1339 0035 00       		.byte	0
 1340 0036 05       		.uleb128 0x5
 1341 0037 16       		.uleb128 0x16
 1342 0038 00       		.byte	0
 1343 0039 03       		.uleb128 0x3
 1344 003a 0E       		.uleb128 0xe
 1345 003b 3A       		.uleb128 0x3a
 1346 003c 0B       		.uleb128 0xb
 1347 003d 3B       		.uleb128 0x3b
 1348 003e 05       		.uleb128 0x5
 1349 003f 49       		.uleb128 0x49
 1350 0040 13       		.uleb128 0x13
 1351 0041 00       		.byte	0
 1352 0042 00       		.byte	0
 1353 0043 06       		.uleb128 0x6
 1354 0044 0F       		.uleb128 0xf
 1355 0045 00       		.byte	0
 1356 0046 0B       		.uleb128 0xb
 1357 0047 0B       		.uleb128 0xb
 1358 0048 49       		.uleb128 0x49
 1359 0049 13       		.uleb128 0x13
 1360 004a 00       		.byte	0
 1361 004b 00       		.byte	0
 1362 004c 07       		.uleb128 0x7
 1363 004d 2E       		.uleb128 0x2e
 1364 004e 01       		.byte	0x1
 1365 004f 3F       		.uleb128 0x3f
 1366 0050 19       		.uleb128 0x19
 1367 0051 03       		.uleb128 0x3
 1368 0052 0E       		.uleb128 0xe
 1369 0053 3A       		.uleb128 0x3a
 1370 0054 0B       		.uleb128 0xb
 1371 0055 3B       		.uleb128 0x3b
 1372 0056 0B       		.uleb128 0xb
 1373 0057 27       		.uleb128 0x27
 1374 0058 19       		.uleb128 0x19
 1375 0059 49       		.uleb128 0x49
 1376 005a 13       		.uleb128 0x13
 1377 005b 11       		.uleb128 0x11
 1378 005c 01       		.uleb128 0x1
 1379 005d 12       		.uleb128 0x12
 1380 005e 06       		.uleb128 0x6
 1381 005f 40       		.uleb128 0x40
 1382 0060 18       		.uleb128 0x18
 1383 0061 9742     		.uleb128 0x2117
 1384 0063 19       		.uleb128 0x19
ARM GAS  C:\Users\boise\AppData\Local\Temp\cc8GdSZi.s 			page 29


 1385 0064 01       		.uleb128 0x1
 1386 0065 13       		.uleb128 0x13
 1387 0066 00       		.byte	0
 1388 0067 00       		.byte	0
 1389 0068 08       		.uleb128 0x8
 1390 0069 05       		.uleb128 0x5
 1391 006a 00       		.byte	0
 1392 006b 03       		.uleb128 0x3
 1393 006c 0E       		.uleb128 0xe
 1394 006d 3A       		.uleb128 0x3a
 1395 006e 0B       		.uleb128 0xb
 1396 006f 3B       		.uleb128 0x3b
 1397 0070 0B       		.uleb128 0xb
 1398 0071 49       		.uleb128 0x49
 1399 0072 13       		.uleb128 0x13
 1400 0073 02       		.uleb128 0x2
 1401 0074 17       		.uleb128 0x17
 1402 0075 00       		.byte	0
 1403 0076 00       		.byte	0
 1404 0077 09       		.uleb128 0x9
 1405 0078 898201   		.uleb128 0x4109
 1406 007b 01       		.byte	0x1
 1407 007c 11       		.uleb128 0x11
 1408 007d 01       		.uleb128 0x1
 1409 007e 31       		.uleb128 0x31
 1410 007f 13       		.uleb128 0x13
 1411 0080 01       		.uleb128 0x1
 1412 0081 13       		.uleb128 0x13
 1413 0082 00       		.byte	0
 1414 0083 00       		.byte	0
 1415 0084 0A       		.uleb128 0xa
 1416 0085 8A8201   		.uleb128 0x410a
 1417 0088 00       		.byte	0
 1418 0089 02       		.uleb128 0x2
 1419 008a 18       		.uleb128 0x18
 1420 008b 9142     		.uleb128 0x2111
 1421 008d 18       		.uleb128 0x18
 1422 008e 00       		.byte	0
 1423 008f 00       		.byte	0
 1424 0090 0B       		.uleb128 0xb
 1425 0091 898201   		.uleb128 0x4109
 1426 0094 01       		.byte	0x1
 1427 0095 11       		.uleb128 0x11
 1428 0096 01       		.uleb128 0x1
 1429 0097 31       		.uleb128 0x31
 1430 0098 13       		.uleb128 0x13
 1431 0099 00       		.byte	0
 1432 009a 00       		.byte	0
 1433 009b 0C       		.uleb128 0xc
 1434 009c 2E       		.uleb128 0x2e
 1435 009d 01       		.byte	0x1
 1436 009e 3F       		.uleb128 0x3f
 1437 009f 19       		.uleb128 0x19
 1438 00a0 03       		.uleb128 0x3
 1439 00a1 0E       		.uleb128 0xe
 1440 00a2 3A       		.uleb128 0x3a
 1441 00a3 0B       		.uleb128 0xb
ARM GAS  C:\Users\boise\AppData\Local\Temp\cc8GdSZi.s 			page 30


 1442 00a4 3B       		.uleb128 0x3b
 1443 00a5 0B       		.uleb128 0xb
 1444 00a6 27       		.uleb128 0x27
 1445 00a7 19       		.uleb128 0x19
 1446 00a8 49       		.uleb128 0x49
 1447 00a9 13       		.uleb128 0x13
 1448 00aa 8701     		.uleb128 0x87
 1449 00ac 19       		.uleb128 0x19
 1450 00ad 11       		.uleb128 0x11
 1451 00ae 01       		.uleb128 0x1
 1452 00af 12       		.uleb128 0x12
 1453 00b0 06       		.uleb128 0x6
 1454 00b1 40       		.uleb128 0x40
 1455 00b2 18       		.uleb128 0x18
 1456 00b3 9642     		.uleb128 0x2116
 1457 00b5 19       		.uleb128 0x19
 1458 00b6 01       		.uleb128 0x1
 1459 00b7 13       		.uleb128 0x13
 1460 00b8 00       		.byte	0
 1461 00b9 00       		.byte	0
 1462 00ba 0D       		.uleb128 0xd
 1463 00bb 34       		.uleb128 0x34
 1464 00bc 00       		.byte	0
 1465 00bd 03       		.uleb128 0x3
 1466 00be 08       		.uleb128 0x8
 1467 00bf 3A       		.uleb128 0x3a
 1468 00c0 0B       		.uleb128 0xb
 1469 00c1 3B       		.uleb128 0x3b
 1470 00c2 0B       		.uleb128 0xb
 1471 00c3 49       		.uleb128 0x49
 1472 00c4 13       		.uleb128 0x13
 1473 00c5 02       		.uleb128 0x2
 1474 00c6 17       		.uleb128 0x17
 1475 00c7 00       		.byte	0
 1476 00c8 00       		.byte	0
 1477 00c9 0E       		.uleb128 0xe
 1478 00ca 34       		.uleb128 0x34
 1479 00cb 00       		.byte	0
 1480 00cc 03       		.uleb128 0x3
 1481 00cd 08       		.uleb128 0x8
 1482 00ce 3A       		.uleb128 0x3a
 1483 00cf 0B       		.uleb128 0xb
 1484 00d0 3B       		.uleb128 0x3b
 1485 00d1 0B       		.uleb128 0xb
 1486 00d2 49       		.uleb128 0x49
 1487 00d3 13       		.uleb128 0x13
 1488 00d4 00       		.byte	0
 1489 00d5 00       		.byte	0
 1490 00d6 0F       		.uleb128 0xf
 1491 00d7 34       		.uleb128 0x34
 1492 00d8 00       		.byte	0
 1493 00d9 03       		.uleb128 0x3
 1494 00da 0E       		.uleb128 0xe
 1495 00db 3A       		.uleb128 0x3a
 1496 00dc 0B       		.uleb128 0xb
 1497 00dd 3B       		.uleb128 0x3b
 1498 00de 0B       		.uleb128 0xb
ARM GAS  C:\Users\boise\AppData\Local\Temp\cc8GdSZi.s 			page 31


 1499 00df 49       		.uleb128 0x49
 1500 00e0 13       		.uleb128 0x13
 1501 00e1 00       		.byte	0
 1502 00e2 00       		.byte	0
 1503 00e3 10       		.uleb128 0x10
 1504 00e4 34       		.uleb128 0x34
 1505 00e5 00       		.byte	0
 1506 00e6 03       		.uleb128 0x3
 1507 00e7 0E       		.uleb128 0xe
 1508 00e8 3A       		.uleb128 0x3a
 1509 00e9 0B       		.uleb128 0xb
 1510 00ea 3B       		.uleb128 0x3b
 1511 00eb 0B       		.uleb128 0xb
 1512 00ec 49       		.uleb128 0x49
 1513 00ed 13       		.uleb128 0x13
 1514 00ee 02       		.uleb128 0x2
 1515 00ef 17       		.uleb128 0x17
 1516 00f0 00       		.byte	0
 1517 00f1 00       		.byte	0
 1518 00f2 11       		.uleb128 0x11
 1519 00f3 34       		.uleb128 0x34
 1520 00f4 00       		.byte	0
 1521 00f5 03       		.uleb128 0x3
 1522 00f6 0E       		.uleb128 0xe
 1523 00f7 3A       		.uleb128 0x3a
 1524 00f8 0B       		.uleb128 0xb
 1525 00f9 3B       		.uleb128 0x3b
 1526 00fa 0B       		.uleb128 0xb
 1527 00fb 49       		.uleb128 0x49
 1528 00fc 13       		.uleb128 0x13
 1529 00fd 02       		.uleb128 0x2
 1530 00fe 18       		.uleb128 0x18
 1531 00ff 00       		.byte	0
 1532 0100 00       		.byte	0
 1533 0101 12       		.uleb128 0x12
 1534 0102 34       		.uleb128 0x34
 1535 0103 00       		.byte	0
 1536 0104 03       		.uleb128 0x3
 1537 0105 0E       		.uleb128 0xe
 1538 0106 3A       		.uleb128 0x3a
 1539 0107 0B       		.uleb128 0xb
 1540 0108 3B       		.uleb128 0x3b
 1541 0109 0B       		.uleb128 0xb
 1542 010a 49       		.uleb128 0x49
 1543 010b 13       		.uleb128 0x13
 1544 010c 1C       		.uleb128 0x1c
 1545 010d 0B       		.uleb128 0xb
 1546 010e 00       		.byte	0
 1547 010f 00       		.byte	0
 1548 0110 13       		.uleb128 0x13
 1549 0111 898201   		.uleb128 0x4109
 1550 0114 00       		.byte	0
 1551 0115 11       		.uleb128 0x11
 1552 0116 01       		.uleb128 0x1
 1553 0117 31       		.uleb128 0x31
 1554 0118 13       		.uleb128 0x13
 1555 0119 00       		.byte	0
ARM GAS  C:\Users\boise\AppData\Local\Temp\cc8GdSZi.s 			page 32


 1556 011a 00       		.byte	0
 1557 011b 14       		.uleb128 0x14
 1558 011c 01       		.uleb128 0x1
 1559 011d 01       		.byte	0x1
 1560 011e 49       		.uleb128 0x49
 1561 011f 13       		.uleb128 0x13
 1562 0120 01       		.uleb128 0x1
 1563 0121 13       		.uleb128 0x13
 1564 0122 00       		.byte	0
 1565 0123 00       		.byte	0
 1566 0124 15       		.uleb128 0x15
 1567 0125 21       		.uleb128 0x21
 1568 0126 00       		.byte	0
 1569 0127 49       		.uleb128 0x49
 1570 0128 13       		.uleb128 0x13
 1571 0129 2F       		.uleb128 0x2f
 1572 012a 0B       		.uleb128 0xb
 1573 012b 00       		.byte	0
 1574 012c 00       		.byte	0
 1575 012d 16       		.uleb128 0x16
 1576 012e 2E       		.uleb128 0x2e
 1577 012f 01       		.byte	0x1
 1578 0130 3F       		.uleb128 0x3f
 1579 0131 19       		.uleb128 0x19
 1580 0132 03       		.uleb128 0x3
 1581 0133 0E       		.uleb128 0xe
 1582 0134 3A       		.uleb128 0x3a
 1583 0135 0B       		.uleb128 0xb
 1584 0136 3B       		.uleb128 0x3b
 1585 0137 0B       		.uleb128 0xb
 1586 0138 27       		.uleb128 0x27
 1587 0139 19       		.uleb128 0x19
 1588 013a 49       		.uleb128 0x49
 1589 013b 13       		.uleb128 0x13
 1590 013c 11       		.uleb128 0x11
 1591 013d 01       		.uleb128 0x1
 1592 013e 12       		.uleb128 0x12
 1593 013f 06       		.uleb128 0x6
 1594 0140 40       		.uleb128 0x40
 1595 0141 18       		.uleb128 0x18
 1596 0142 9642     		.uleb128 0x2116
 1597 0144 19       		.uleb128 0x19
 1598 0145 01       		.uleb128 0x1
 1599 0146 13       		.uleb128 0x13
 1600 0147 00       		.byte	0
 1601 0148 00       		.byte	0
 1602 0149 17       		.uleb128 0x17
 1603 014a 2E       		.uleb128 0x2e
 1604 014b 00       		.byte	0
 1605 014c 3F       		.uleb128 0x3f
 1606 014d 19       		.uleb128 0x19
 1607 014e 3C       		.uleb128 0x3c
 1608 014f 19       		.uleb128 0x19
 1609 0150 6E       		.uleb128 0x6e
 1610 0151 0E       		.uleb128 0xe
 1611 0152 03       		.uleb128 0x3
 1612 0153 0E       		.uleb128 0xe
ARM GAS  C:\Users\boise\AppData\Local\Temp\cc8GdSZi.s 			page 33


 1613 0154 3A       		.uleb128 0x3a
 1614 0155 0B       		.uleb128 0xb
 1615 0156 3B       		.uleb128 0x3b
 1616 0157 0B       		.uleb128 0xb
 1617 0158 00       		.byte	0
 1618 0159 00       		.byte	0
 1619 015a 00       		.byte	0
 1620              		.section	.debug_loc,"",%progbits
 1621              	.Ldebug_loc0:
 1622              	.LLST0:
 1623 0000 00000000 		.4byte	.LVL0
 1624 0004 06000000 		.4byte	.LVL1
 1625 0008 0100     		.2byte	0x1
 1626 000a 50       		.byte	0x50
 1627 000b 06000000 		.4byte	.LVL1
 1628 000f 18000000 		.4byte	.LVL4
 1629 0013 0100     		.2byte	0x1
 1630 0015 54       		.byte	0x54
 1631 0016 18000000 		.4byte	.LVL4
 1632 001a 20000000 		.4byte	.LFE34
 1633 001e 0400     		.2byte	0x4
 1634 0020 F3       		.byte	0xf3
 1635 0021 01       		.uleb128 0x1
 1636 0022 50       		.byte	0x50
 1637 0023 9F       		.byte	0x9f
 1638 0024 00000000 		.4byte	0
 1639 0028 00000000 		.4byte	0
 1640              	.LLST1:
 1641 002c 26000000 		.4byte	.LVL10
 1642 0030 2C000000 		.4byte	.LVL11
 1643 0034 0600     		.2byte	0x6
 1644 0036 9E       		.byte	0x9e
 1645 0037 04       		.uleb128 0x4
 1646 0038 00000000 		.4byte	0
 1647 003c 2C000000 		.4byte	.LVL11
 1648 0040 BA000000 		.4byte	.LVL31
 1649 0044 0100     		.2byte	0x1
 1650 0046 54       		.byte	0x54
 1651 0047 00000000 		.4byte	0
 1652 004b 00000000 		.4byte	0
 1653              	.LLST2:
 1654 004f 26000000 		.4byte	.LVL10
 1655 0053 2C000000 		.4byte	.LVL11
 1656 0057 0200     		.2byte	0x2
 1657 0059 31       		.byte	0x31
 1658 005a 9F       		.byte	0x9f
 1659 005b 2C000000 		.4byte	.LVL11
 1660 005f BA000000 		.4byte	.LVL31
 1661 0063 0100     		.2byte	0x1
 1662 0065 56       		.byte	0x56
 1663 0066 00000000 		.4byte	0
 1664 006a 00000000 		.4byte	0
 1665              	.LLST3:
 1666 006e CA000000 		.4byte	.LVL35
 1667 0072 CD000000 		.4byte	.LVL36-1
 1668 0076 0100     		.2byte	0x1
 1669 0078 50       		.byte	0x50
ARM GAS  C:\Users\boise\AppData\Local\Temp\cc8GdSZi.s 			page 34


 1670 0079 CD000000 		.4byte	.LVL36-1
 1671 007d 0A010000 		.4byte	.LVL45
 1672 0081 0100     		.2byte	0x1
 1673 0083 56       		.byte	0x56
 1674 0084 00000000 		.4byte	0
 1675 0088 00000000 		.4byte	0
 1676              	.LLST4:
 1677 008c AA000000 		.4byte	.LVL28
 1678 0090 BA000000 		.4byte	.LVL31
 1679 0094 0200     		.2byte	0x2
 1680 0096 30       		.byte	0x30
 1681 0097 9F       		.byte	0x9f
 1682 0098 BA000000 		.4byte	.LVL31
 1683 009c 96010000 		.4byte	.LVL66
 1684 00a0 0100     		.2byte	0x1
 1685 00a2 58       		.byte	0x58
 1686 00a3 98010000 		.4byte	.LVL67
 1687 00a7 9A010000 		.4byte	.LVL68
 1688 00ab 0100     		.2byte	0x1
 1689 00ad 53       		.byte	0x53
 1690 00ae 9A010000 		.4byte	.LVL68
 1691 00b2 C0010000 		.4byte	.LFE33
 1692 00b6 0100     		.2byte	0x1
 1693 00b8 58       		.byte	0x58
 1694 00b9 00000000 		.4byte	0
 1695 00bd 00000000 		.4byte	0
 1696              	.LLST5:
 1697 00c1 D2000000 		.4byte	.LVL37
 1698 00c5 F6000000 		.4byte	.LVL42
 1699 00c9 0600     		.2byte	0x6
 1700 00cb 54       		.byte	0x54
 1701 00cc 93       		.byte	0x93
 1702 00cd 04       		.uleb128 0x4
 1703 00ce 55       		.byte	0x55
 1704 00cf 93       		.byte	0x93
 1705 00d0 04       		.uleb128 0x4
 1706 00d1 12010000 		.4byte	.LVL47
 1707 00d5 14010000 		.4byte	.LVL48
 1708 00d9 0600     		.2byte	0x6
 1709 00db 50       		.byte	0x50
 1710 00dc 93       		.byte	0x93
 1711 00dd 04       		.uleb128 0x4
 1712 00de 51       		.byte	0x51
 1713 00df 93       		.byte	0x93
 1714 00e0 04       		.uleb128 0x4
 1715 00e1 14010000 		.4byte	.LVL48
 1716 00e5 C0010000 		.4byte	.LFE33
 1717 00e9 0200     		.2byte	0x2
 1718 00eb 91       		.byte	0x91
 1719 00ec 50       		.sleb128 -48
 1720 00ed 00000000 		.4byte	0
 1721 00f1 00000000 		.4byte	0
 1722              	.LLST6:
 1723 00f5 00000000 		.4byte	.LVL72
 1724 00f9 08000000 		.4byte	.LVL74
 1725 00fd 0100     		.2byte	0x1
 1726 00ff 50       		.byte	0x50
ARM GAS  C:\Users\boise\AppData\Local\Temp\cc8GdSZi.s 			page 35


 1727 0100 08000000 		.4byte	.LVL74
 1728 0104 2C000000 		.4byte	.LFE35
 1729 0108 0400     		.2byte	0x4
 1730 010a F3       		.byte	0xf3
 1731 010b 01       		.uleb128 0x1
 1732 010c 50       		.byte	0x50
 1733 010d 9F       		.byte	0x9f
 1734 010e 00000000 		.4byte	0
 1735 0112 00000000 		.4byte	0
 1736              	.LLST7:
 1737 0116 00000000 		.4byte	.LVL72
 1738 011a 06000000 		.4byte	.LVL73
 1739 011e 0100     		.2byte	0x1
 1740 0120 51       		.byte	0x51
 1741 0121 06000000 		.4byte	.LVL73
 1742 0125 0B000000 		.4byte	.LVL75-1
 1743 0129 0100     		.2byte	0x1
 1744 012b 53       		.byte	0x53
 1745 012c 0B000000 		.4byte	.LVL75-1
 1746 0130 2C000000 		.4byte	.LFE35
 1747 0134 0400     		.2byte	0x4
 1748 0136 F3       		.byte	0xf3
 1749 0137 01       		.uleb128 0x1
 1750 0138 51       		.byte	0x51
 1751 0139 9F       		.byte	0x9f
 1752 013a 00000000 		.4byte	0
 1753 013e 00000000 		.4byte	0
 1754              	.LLST8:
 1755 0142 0C000000 		.4byte	.LVL75
 1756 0146 11000000 		.4byte	.LVL76-1
 1757 014a 0100     		.2byte	0x1
 1758 014c 50       		.byte	0x50
 1759 014d 1E000000 		.4byte	.LVL78
 1760 0151 2C000000 		.4byte	.LFE35
 1761 0155 0100     		.2byte	0x1
 1762 0157 50       		.byte	0x50
 1763 0158 00000000 		.4byte	0
 1764 015c 00000000 		.4byte	0
 1765              	.LLST9:
 1766 0160 00000000 		.4byte	.LVL79
 1767 0164 08000000 		.4byte	.LVL81
 1768 0168 0100     		.2byte	0x1
 1769 016a 50       		.byte	0x50
 1770 016b 08000000 		.4byte	.LVL81
 1771 016f 0C000000 		.4byte	.LVL82
 1772 0173 0400     		.2byte	0x4
 1773 0175 F3       		.byte	0xf3
 1774 0176 01       		.uleb128 0x1
 1775 0177 50       		.byte	0x50
 1776 0178 9F       		.byte	0x9f
 1777 0179 0C000000 		.4byte	.LVL82
 1778 017d 0F000000 		.4byte	.LVL83-1
 1779 0181 1A00     		.2byte	0x1a
 1780 0183 F5       		.byte	0xf5
 1781 0184 00       		.uleb128 0
 1782 0185 25       		.uleb128 0x25
 1783 0186 F4       		.byte	0xf4
ARM GAS  C:\Users\boise\AppData\Local\Temp\cc8GdSZi.s 			page 36


 1784 0187 25       		.uleb128 0x25
 1785 0188 04       		.byte	0x4
 1786 0189 00609F45 		.4byte	0x459f6000
 1787 018d 1E       		.byte	0x1e
 1788 018e F4       		.byte	0xf4
 1789 018f 25       		.uleb128 0x25
 1790 0190 04       		.byte	0x4
 1791 0191 0000A040 		.4byte	0x40a00000
 1792 0195 F5       		.byte	0xf5
 1793 0196 00       		.uleb128 0
 1794 0197 25       		.uleb128 0x25
 1795 0198 1C       		.byte	0x1c
 1796 0199 1B       		.byte	0x1b
 1797 019a F7       		.byte	0xf7
 1798 019b 2C       		.uleb128 0x2c
 1799 019c 9F       		.byte	0x9f
 1800 019d 00000000 		.4byte	0
 1801 01a1 00000000 		.4byte	0
 1802              	.LLST10:
 1803 01a5 00000000 		.4byte	.LVL79
 1804 01a9 06000000 		.4byte	.LVL80
 1805 01ad 0100     		.2byte	0x1
 1806 01af 51       		.byte	0x51
 1807 01b0 06000000 		.4byte	.LVL80
 1808 01b4 0B000000 		.4byte	.LVL82-1
 1809 01b8 0100     		.2byte	0x1
 1810 01ba 53       		.byte	0x53
 1811 01bb 0B000000 		.4byte	.LVL82-1
 1812 01bf 12000000 		.4byte	.LFE36
 1813 01c3 0400     		.2byte	0x4
 1814 01c5 F3       		.byte	0xf3
 1815 01c6 01       		.uleb128 0x1
 1816 01c7 51       		.byte	0x51
 1817 01c8 9F       		.byte	0x9f
 1818 01c9 00000000 		.4byte	0
 1819 01cd 00000000 		.4byte	0
 1820              	.LLST11:
 1821 01d1 0C000000 		.4byte	.LVL82
 1822 01d5 0F000000 		.4byte	.LVL83-1
 1823 01d9 0100     		.2byte	0x1
 1824 01db 50       		.byte	0x50
 1825 01dc 00000000 		.4byte	0
 1826 01e0 00000000 		.4byte	0
 1827              		.section	.debug_aranges,"",%progbits
 1828 0000 34000000 		.4byte	0x34
 1829 0004 0200     		.2byte	0x2
 1830 0006 00000000 		.4byte	.Ldebug_info0
 1831 000a 04       		.byte	0x4
 1832 000b 00       		.byte	0
 1833 000c 0000     		.2byte	0
 1834 000e 0000     		.2byte	0
 1835 0010 00000000 		.4byte	.LFB34
 1836 0014 20000000 		.4byte	.LFE34-.LFB34
 1837 0018 00000000 		.4byte	.LFB33
 1838 001c C0010000 		.4byte	.LFE33-.LFB33
 1839 0020 00000000 		.4byte	.LFB35
 1840 0024 2C000000 		.4byte	.LFE35-.LFB35
ARM GAS  C:\Users\boise\AppData\Local\Temp\cc8GdSZi.s 			page 37


 1841 0028 00000000 		.4byte	.LFB36
 1842 002c 12000000 		.4byte	.LFE36-.LFB36
 1843 0030 00000000 		.4byte	0
 1844 0034 00000000 		.4byte	0
 1845              		.section	.debug_ranges,"",%progbits
 1846              	.Ldebug_ranges0:
 1847 0000 00000000 		.4byte	.LFB34
 1848 0004 20000000 		.4byte	.LFE34
 1849 0008 00000000 		.4byte	.LFB33
 1850 000c C0010000 		.4byte	.LFE33
 1851 0010 00000000 		.4byte	.LFB35
 1852 0014 2C000000 		.4byte	.LFE35
 1853 0018 00000000 		.4byte	.LFB36
 1854 001c 12000000 		.4byte	.LFE36
 1855 0020 00000000 		.4byte	0
 1856 0024 00000000 		.4byte	0
 1857              		.section	.debug_line,"",%progbits
 1858              	.Ldebug_line0:
 1859 0000 84020000 		.section	.debug_str,"MS",%progbits,1
 1859      0200E301 
 1859      00000201 
 1859      FB0E0D00 
 1859      01010101 
 1860              	.LASF46:
 1861 0000 4144435F 		.ascii	"ADC_CountsTo_Volts\000"
 1861      436F756E 
 1861      7473546F 
 1861      5F566F6C 
 1861      747300
 1862              	.LASF31:
 1863 0013 4144435F 		.ascii	"ADC_GetResult16\000"
 1863      47657452 
 1863      6573756C 
 1863      74313600 
 1864              	.LASF4:
 1865 0023 73686F72 		.ascii	"short int\000"
 1865      7420696E 
 1865      7400
 1866              	.LASF18:
 1867 002d 636F6C6F 		.ascii	"color\000"
 1867      7200
 1868              	.LASF56:
 1869 0033 6D61696E 		.ascii	"main\000"
 1869      00
 1870              	.LASF24:
 1871 0038 746F6767 		.ascii	"toggle2\000"
 1871      6C653200 
 1872              	.LASF40:
 1873 0040 6766785F 		.ascii	"gfx_fillRect\000"
 1873      66696C6C 
 1873      52656374 
 1873      00
 1874              	.LASF37:
 1875 004d 64697370 		.ascii	"display_update\000"
 1875      6C61795F 
 1875      75706461 
 1875      746500
ARM GAS  C:\Users\boise\AppData\Local\Temp\cc8GdSZi.s 			page 38


 1876              	.LASF30:
 1877 005c 4144435F 		.ascii	"ADC_IsEndConversion\000"
 1877      4973456E 
 1877      64436F6E 
 1877      76657273 
 1877      696F6E00 
 1878              	.LASF53:
 1879 0070 474E5520 		.ascii	"GNU C11 5.4.1 20160609 (release) [ARM/embedded-5-br"
 1879      43313120 
 1879      352E342E 
 1879      31203230 
 1879      31363036 
 1880 00a3 616E6368 		.ascii	"anch revision 237715] -mcpu=cortex-m0 -mthumb -g -O"
 1880      20726576 
 1880      6973696F 
 1880      6E203233 
 1880      37373135 
 1881 00d6 67202D66 		.ascii	"g -ffunction-sections -ffat-lto-objects\000"
 1881      66756E63 
 1881      74696F6E 
 1881      2D736563 
 1881      74696F6E 
 1882              	.LASF11:
 1883 00fe 75696E74 		.ascii	"uint8_t\000"
 1883      385F7400 
 1884              	.LASF21:
 1885 0106 74315F74 		.ascii	"t1_text\000"
 1885      65787400 
 1886              	.LASF22:
 1887 010e 74325F74 		.ascii	"t2_text\000"
 1887      65787400 
 1888              	.LASF0:
 1889 0116 666C6F61 		.ascii	"float\000"
 1889      7400
 1890              	.LASF50:
 1891 011c 6766785F 		.ascii	"gfx_print\000"
 1891      7072696E 
 1891      7400
 1892              	.LASF8:
 1893 0126 6C6F6E67 		.ascii	"long long int\000"
 1893      206C6F6E 
 1893      6720696E 
 1893      7400
 1894              	.LASF25:
 1895 0134 72656164 		.ascii	"readanalog\000"
 1895      616E616C 
 1895      6F6700
 1896              	.LASF33:
 1897 013f 4144435F 		.ascii	"ADC_Start\000"
 1897      53746172 
 1897      7400
 1898              	.LASF6:
 1899 0149 6C6F6E67 		.ascii	"long int\000"
 1899      20696E74 
 1899      00
 1900              	.LASF20:
 1901 0152 76325F74 		.ascii	"v2_text\000"
ARM GAS  C:\Users\boise\AppData\Local\Temp\cc8GdSZi.s 			page 39


 1901      65787400 
 1902              	.LASF10:
 1903 015a 5F5F7569 		.ascii	"__uint8_t\000"
 1903      6E74385F 
 1903      7400
 1904              	.LASF43:
 1905 0164 6766785F 		.ascii	"gfx_setTextColor\000"
 1905      73657454 
 1905      65787443 
 1905      6F6C6F72 
 1905      00
 1906              	.LASF44:
 1907 0175 6766785F 		.ascii	"gfx_setTextSize\000"
 1907      73657454 
 1907      65787453 
 1907      697A6500 
 1908              	.LASF15:
 1909 0185 6C6F6E67 		.ascii	"long double\000"
 1909      20646F75 
 1909      626C6500 
 1910              	.LASF34:
 1911 0191 54585F53 		.ascii	"TX_Start\000"
 1911      74617274 
 1911      00
 1912              	.LASF35:
 1913 019a 64697370 		.ascii	"display_init\000"
 1913      6C61795F 
 1913      696E6974 
 1913      00
 1914              	.LASF3:
 1915 01a7 756E7369 		.ascii	"unsigned char\000"
 1915      676E6564 
 1915      20636861 
 1915      7200
 1916              	.LASF45:
 1917 01b5 73707269 		.ascii	"sprintf\000"
 1917      6E746600 
 1918              	.LASF48:
 1919 01bd 54585F50 		.ascii	"TX_PutCRLF\000"
 1919      75744352 
 1919      4C4600
 1920              	.LASF2:
 1921 01c8 7369676E 		.ascii	"signed char\000"
 1921      65642063 
 1921      68617200 
 1922              	.LASF9:
 1923 01d4 6C6F6E67 		.ascii	"long long unsigned int\000"
 1923      206C6F6E 
 1923      6720756E 
 1923      7369676E 
 1923      65642069 
 1924              	.LASF1:
 1925 01eb 756E7369 		.ascii	"unsigned int\000"
 1925      676E6564 
 1925      20696E74 
 1925      00
 1926              	.LASF36:
ARM GAS  C:\Users\boise\AppData\Local\Temp\cc8GdSZi.s 			page 40


 1927 01f8 64697370 		.ascii	"display_clear\000"
 1927      6C61795F 
 1927      636C6561 
 1927      7200
 1928              	.LASF38:
 1929 0206 6766785F 		.ascii	"gfx_width\000"
 1929      77696474 
 1929      6800
 1930              	.LASF23:
 1931 0210 746F6767 		.ascii	"toggle\000"
 1931      6C6500
 1932              	.LASF5:
 1933 0217 73686F72 		.ascii	"short unsigned int\000"
 1933      7420756E 
 1933      7369676E 
 1933      65642069 
 1933      6E7400
 1934              	.LASF47:
 1935 022a 54585F50 		.ascii	"TX_PutString\000"
 1935      75745374 
 1935      72696E67 
 1935      00
 1936              	.LASF17:
 1937 0237 73746174 		.ascii	"status\000"
 1937      757300
 1938              	.LASF26:
 1939 023e 766F6C74 		.ascii	"volts\000"
 1939      7300
 1940              	.LASF14:
 1941 0244 63686172 		.ascii	"char\000"
 1941      00
 1942              	.LASF27:
 1943 0249 6368616E 		.ascii	"channel\000"
 1943      6E656C00 
 1944              	.LASF12:
 1945 0251 75696E74 		.ascii	"uint32\000"
 1945      333200
 1946              	.LASF54:
 1947 0258 6D61696E 		.ascii	"main.c\000"
 1947      2E6300
 1948              	.LASF52:
 1949 025f 54585F50 		.ascii	"TX_PutChar\000"
 1949      75744368 
 1949      617200
 1950              	.LASF7:
 1951 026a 6C6F6E67 		.ascii	"long unsigned int\000"
 1951      20756E73 
 1951      69676E65 
 1951      6420696E 
 1951      7400
 1952              	.LASF13:
 1953 027c 646F7562 		.ascii	"double\000"
 1953      6C6500
 1954              	.LASF39:
 1955 0283 6766785F 		.ascii	"gfx_height\000"
 1955      68656967 
 1955      687400
ARM GAS  C:\Users\boise\AppData\Local\Temp\cc8GdSZi.s 			page 41


 1956              	.LASF51:
 1957 028e 6766785F 		.ascii	"gfx_println\000"
 1957      7072696E 
 1957      746C6E00 
 1958              	.LASF55:
 1959 029a 433A5C55 		.ascii	"C:\\Users\\boise\\Documents\\PSoC Creator\\VoltMete"
 1959      73657273 
 1959      5C626F69 
 1959      73655C44 
 1959      6F63756D 
 1960 02c8 725C4361 		.ascii	"r\\CarVolt1.cydsn\000"
 1960      72566F6C 
 1960      74312E63 
 1960      7964736E 
 1960      00
 1961              	.LASF29:
 1962 02d9 74656D70 		.ascii	"temperature\000"
 1962      65726174 
 1962      75726500 
 1963              	.LASF49:
 1964 02e5 6766785F 		.ascii	"gfx_setCursor\000"
 1964      73657443 
 1964      7572736F 
 1964      7200
 1965              	.LASF16:
 1966 02f3 73697A65 		.ascii	"sizetype\000"
 1966      74797065 
 1966      00
 1967              	.LASF19:
 1968 02fc 76315F74 		.ascii	"v1_text\000"
 1968      65787400 
 1969              	.LASF42:
 1970 0304 4144435F 		.ascii	"ADC_StartConvert\000"
 1970      53746172 
 1970      74436F6E 
 1970      76657274 
 1970      00
 1971              	.LASF28:
 1972 0315 616E616C 		.ascii	"analog\000"
 1972      6F6700
 1973              	.LASF41:
 1974 031c 43794465 		.ascii	"CyDelay\000"
 1974      6C617900 
 1975              	.LASF32:
 1976 0324 4932435F 		.ascii	"I2C_Start\000"
 1976      53746172 
 1976      7400
 1977              		.ident	"GCC: (GNU Tools for ARM Embedded Processors) 5.4.1 20160609 (release) [ARM/embedded-5-bran
